Start testing: Jul 06 22:55 UTC
----------------------------------------------------------
1/63 Testing: ack
1/63 Test: ack
Command: "/home/saas/lsquic/tests/test_ack"
Directory: /home/saas/lsquic/tests
"ack" start time: Jul 06 22:55 UTC
Output:
----------------------------------------------------------
<end of output>
Test time =   0.00 sec
----------------------------------------------------------
Test Passed.
"ack" end time: Jul 06 22:55 UTC
"ack" time elapsed: 00:00:00
----------------------------------------------------------

2/63 Testing: ackgen_gquic_be
2/63 Test: ackgen_gquic_be
Command: "/home/saas/lsquic/tests/test_ackgen_gquic_be"
Directory: /home/saas/lsquic/tests
"ackgen_gquic_be" start time: Jul 06 22:55 UTC
Output:
----------------------------------------------------------
[DEBUG] parse: lsquic_gquic_be_gen_ack_frame: diff: 134184960; encoded: 0xFF87
[DEBUG] parse: lsquic_gquic_be_gen_ack_frame: diff: 0; encoded: 0x0000
[DEBUG] parse: lsquic_gquic_be_gen_ack_frame: diff: 0; encoded: 0x0000
[DEBUG] parse: lsquic_gquic_be_gen_ack_frame: diff: 0; encoded: 0x0000
[DEBUG] parse: lsquic_gquic_be_gen_ack_frame: diff: 0; encoded: 0x0000
[DEBUG] parse: lsquic_gquic_be_gen_ack_frame: diff: 0; encoded: 0x0000
[DEBUG] parse: lsquic_gquic_be_gen_ack_frame: diff: 0; encoded: 0x0000
<end of output>
Test time =   0.00 sec
----------------------------------------------------------
Test Passed.
"ackgen_gquic_be" end time: Jul 06 22:55 UTC
"ackgen_gquic_be" time elapsed: 00:00:00
----------------------------------------------------------

3/63 Testing: ackparse_gquic_be
3/63 Test: ackparse_gquic_be
Command: "/home/saas/lsquic/tests/test_ackparse_gquic_be"
Directory: /home/saas/lsquic/tests
"ackparse_gquic_be" start time: Jul 06 22:55 UTC
Output:
----------------------------------------------------------
<end of output>
Test time =   0.00 sec
----------------------------------------------------------
Test Passed.
"ackparse_gquic_be" end time: Jul 06 22:55 UTC
"ackparse_gquic_be" time elapsed: 00:00:00
----------------------------------------------------------

4/63 Testing: ackparse_ietf
4/63 Test: ackparse_ietf
Command: "/home/saas/lsquic/tests/test_ackparse_ietf"
Directory: /home/saas/lsquic/tests
"ackparse_ietf" start time: Jul 06 22:55 UTC
Output:
----------------------------------------------------------
<end of output>
Test time =   0.00 sec
----------------------------------------------------------
Test Passed.
"ackparse_ietf" end time: Jul 06 22:55 UTC
"ackparse_ietf" time elapsed: 00:00:00
----------------------------------------------------------

5/63 Testing: alarmset
5/63 Test: alarmset
Command: "/home/saas/lsquic/tests/test_alarmset"
Directory: /home/saas/lsquic/tests
"alarmset" start time: Jul 06 22:55 UTC
Output:
----------------------------------------------------------
<end of output>
Test time =   0.03 sec
----------------------------------------------------------
Test Passed.
"alarmset" end time: Jul 06 22:55 UTC
"alarmset" time elapsed: 00:00:00
----------------------------------------------------------

6/63 Testing: alt_svc_ver
6/63 Test: alt_svc_ver
Command: "/home/saas/lsquic/tests/test_alt_svc_ver"
Directory: /home/saas/lsquic/tests
"alt_svc_ver" start time: Jul 06 22:55 UTC
Output:
----------------------------------------------------------
<end of output>
Test time =   0.00 sec
----------------------------------------------------------
Test Passed.
"alt_svc_ver" end time: Jul 06 22:55 UTC
"alt_svc_ver" time elapsed: 00:00:00
----------------------------------------------------------

7/63 Testing: arr
7/63 Test: arr
Command: "/home/saas/lsquic/tests/test_arr"
Directory: /home/saas/lsquic/tests
"arr" start time: Jul 06 22:55 UTC
Output:
----------------------------------------------------------
<end of output>
Test time =   0.00 sec
----------------------------------------------------------
Test Passed.
"arr" end time: Jul 06 22:55 UTC
"arr" time elapsed: 00:00:00
----------------------------------------------------------

8/63 Testing: attq
8/63 Test: attq
Command: "/home/saas/lsquic/tests/test_attq"
Directory: /home/saas/lsquic/tests
"attq" start time: Jul 06 22:55 UTC
Output:
----------------------------------------------------------
<end of output>
Test time =   0.00 sec
----------------------------------------------------------
Test Passed.
"attq" end time: Jul 06 22:55 UTC
"attq" time elapsed: 00:00:00
----------------------------------------------------------

9/63 Testing: blocked_gquic_be
9/63 Test: blocked_gquic_be
Command: "/home/saas/lsquic/tests/test_blocked_gquic_be"
Directory: /home/saas/lsquic/tests
"blocked_gquic_be" start time: Jul 06 22:55 UTC
Output:
----------------------------------------------------------
<end of output>
Test time =   0.00 sec
----------------------------------------------------------
Test Passed.
"blocked_gquic_be" end time: Jul 06 22:55 UTC
"blocked_gquic_be" time elapsed: 00:00:00
----------------------------------------------------------

10/63 Testing: bw_sampler
10/63 Test: bw_sampler
Command: "/home/saas/lsquic/tests/test_bw_sampler"
Directory: /home/saas/lsquic/tests
"bw_sampler" start time: Jul 06 22:55 UTC
Output:
----------------------------------------------------------
<end of output>
Test time =   0.00 sec
----------------------------------------------------------
Test Passed.
"bw_sampler" end time: Jul 06 22:55 UTC
"bw_sampler" time elapsed: 00:00:00
----------------------------------------------------------

11/63 Testing: conn_close_gquic_be
11/63 Test: conn_close_gquic_be
Command: "/home/saas/lsquic/tests/test_conn_close_gquic_be"
Directory: /home/saas/lsquic/tests
"conn_close_gquic_be" start time: Jul 06 22:55 UTC
Output:
----------------------------------------------------------
<end of output>
Test time =   0.00 sec
----------------------------------------------------------
Test Passed.
"conn_close_gquic_be" end time: Jul 06 22:55 UTC
"conn_close_gquic_be" time elapsed: 00:00:00
----------------------------------------------------------

12/63 Testing: crypto_gen
12/63 Test: crypto_gen
Command: "/home/saas/lsquic/tests/test_crypto_gen"
Directory: /home/saas/lsquic/tests
"crypto_gen" start time: Jul 06 22:55 UTC
Output:
----------------------------------------------------------
<end of output>
Test time =   0.00 sec
----------------------------------------------------------
Test Passed.
"crypto_gen" end time: Jul 06 22:55 UTC
"crypto_gen" time elapsed: 00:00:00
----------------------------------------------------------

13/63 Testing: cubic
13/63 Test: cubic
Command: "/home/saas/lsquic/tests/test_cubic"
Directory: /home/saas/lsquic/tests
"cubic" start time: Jul 06 22:55 UTC
Output:
----------------------------------------------------------
<end of output>
Test time =   0.00 sec
----------------------------------------------------------
Test Passed.
"cubic" end time: Jul 06 22:55 UTC
"cubic" time elapsed: 00:00:00
----------------------------------------------------------

14/63 Testing: dec
14/63 Test: dec
Command: "/home/saas/lsquic/tests/test_dec"
Directory: /home/saas/lsquic/tests
"dec" start time: Jul 06 22:55 UTC
Output:
----------------------------------------------------------
buffers are not aligned
<end of output>
Test time =   0.00 sec
----------------------------------------------------------
Test Passed.
"dec" end time: Jul 06 22:55 UTC
"dec" time elapsed: 00:00:00
----------------------------------------------------------

15/63 Testing: di_nocopy
15/63 Test: di_nocopy
Command: "/home/saas/lsquic/tests/test_di_nocopy"
Directory: /home/saas/lsquic/tests
"di_nocopy" start time: Jul 06 22:55 UTC
Output:
----------------------------------------------------------
<end of output>
Test time =   0.00 sec
----------------------------------------------------------
Test Passed.
"di_nocopy" end time: Jul 06 22:55 UTC
"di_nocopy" time elapsed: 00:00:00
----------------------------------------------------------

16/63 Testing: elision
16/63 Test: elision
Command: "/home/saas/lsquic/tests/test_elision"
Directory: /home/saas/lsquic/tests
"elision" start time: Jul 06 22:55 UTC
Output:
----------------------------------------------------------
<end of output>
Test time =   0.00 sec
----------------------------------------------------------
Test Passed.
"elision" end time: Jul 06 22:55 UTC
"elision" time elapsed: 00:00:00
----------------------------------------------------------

17/63 Testing: engine_ctor
17/63 Test: engine_ctor
Command: "/home/saas/lsquic/tests/test_engine_ctor"
Directory: /home/saas/lsquic/tests
"engine_ctor" start time: Jul 06 22:55 UTC
Output:
----------------------------------------------------------
<end of output>
Test time =   0.00 sec
----------------------------------------------------------
Test Passed.
"engine_ctor" end time: Jul 06 22:55 UTC
"engine_ctor" time elapsed: 00:00:00
----------------------------------------------------------

18/63 Testing: export_key
18/63 Test: export_key
Command: "/home/saas/lsquic/tests/test_export_key"
Directory: /home/saas/lsquic/tests
"export_key" start time: Jul 06 22:55 UTC
Output:
----------------------------------------------------------
<end of output>
Test time =   0.00 sec
----------------------------------------------------------
Test Passed.
"export_key" end time: Jul 06 22:55 UTC
"export_key" time elapsed: 00:00:00
----------------------------------------------------------

19/63 Testing: frame_chop
19/63 Test: frame_chop
Command: "/home/saas/lsquic/tests/test_frame_chop"
Directory: /home/saas/lsquic/tests
"frame_chop" start time: Jul 06 22:55 UTC
Output:
----------------------------------------------------------
<end of output>
Test time =   0.00 sec
----------------------------------------------------------
Test Passed.
"frame_chop" end time: Jul 06 22:55 UTC
"frame_chop" time elapsed: 00:00:00
----------------------------------------------------------

20/63 Testing: frame_reader
20/63 Test: frame_reader
Command: "/home/saas/lsquic/tests/test_frame_reader"
Directory: /home/saas/lsquic/tests
"frame_reader" start time: Jul 06 22:55 UTC
Output:
----------------------------------------------------------
<end of output>
Test time =   0.00 sec
----------------------------------------------------------
Test Passed.
"frame_reader" end time: Jul 06 22:55 UTC
"frame_reader" time elapsed: 00:00:00
----------------------------------------------------------

21/63 Testing: frame_writer
21/63 Test: frame_writer
Command: "/home/saas/lsquic/tests/test_frame_writer"
Directory: /home/saas/lsquic/tests
"frame_writer" start time: Jul 06 22:55 UTC
Output:
----------------------------------------------------------
<end of output>
Test time =   0.00 sec
----------------------------------------------------------
Test Passed.
"frame_writer" end time: Jul 06 22:55 UTC
"frame_writer" time elapsed: 00:00:00
----------------------------------------------------------

22/63 Testing: goaway_gquic_be
22/63 Test: goaway_gquic_be
Command: "/home/saas/lsquic/tests/test_goaway_gquic_be"
Directory: /home/saas/lsquic/tests
"goaway_gquic_be" start time: Jul 06 22:55 UTC
Output:
----------------------------------------------------------
<end of output>
Test time =   0.00 sec
----------------------------------------------------------
Test Passed.
"goaway_gquic_be" end time: Jul 06 22:55 UTC
"goaway_gquic_be" time elapsed: 00:00:00
----------------------------------------------------------

23/63 Testing: hkdf
23/63 Test: hkdf
Command: "/home/saas/lsquic/tests/test_hkdf"
Directory: /home/saas/lsquic/tests
"hkdf" start time: Jul 06 22:55 UTC
Output:
----------------------------------------------------------
<end of output>
Test time =   0.00 sec
----------------------------------------------------------
Test Passed.
"hkdf" end time: Jul 06 22:55 UTC
"hkdf" time elapsed: 00:00:00
----------------------------------------------------------

24/63 Testing: hpi
24/63 Test: hpi
Command: "/home/saas/lsquic/tests/test_hpi"
Directory: /home/saas/lsquic/tests
"hpi" start time: Jul 06 22:55 UTC
Output:
----------------------------------------------------------
[DEBUG] [QUIC:] hpi: line-61: add stream 0
[DEBUG] [QUIC:] hpi: line-61: lsquic_hpi_next: return stream 0, incr: 0, priority 4
[DEBUG] [QUIC:] hpi: line-67: add stream 1
[DEBUG] [QUIC:] hpi: line-67: add stream 0
[DEBUG] [QUIC:] hpi: line-67: add stream 2
[DEBUG] [QUIC:] hpi: line-67: initialized; # elems: 3; sets: [ 00000010, 00000000 ]
[DEBUG] [QUIC:] hpi: line-67: lsquic_hpi_next: return stream 0, incr: 0, priority 4
[DEBUG] [QUIC:] hpi: line-67: lsquic_hpi_next: return stream 1, incr: 0, priority 4
[DEBUG] [QUIC:] hpi: line-67: lsquic_hpi_next: return stream 2, incr: 0, priority 4
[DEBUG] [QUIC:] hpi: line-76: add stream 1
[DEBUG] [QUIC:] hpi: line-76: add stream 0
[DEBUG] [QUIC:] hpi: line-76: add stream 2
[DEBUG] [QUIC:] hpi: line-76: initialized; # elems: 3; sets: [ 00000000, 00000010 ]
[DEBUG] [QUIC:] hpi: line-76: lsquic_hpi_next: return stream 1, incr: 1, priority 4
[DEBUG] [QUIC:] hpi: line-76: lsquic_hpi_next: return stream 0, incr: 1, priority 4
[DEBUG] [QUIC:] hpi: line-76: lsquic_hpi_next: return stream 2, incr: 1, priority 4
[DEBUG] [QUIC:] hpi: line-85: lsquic_hpi_next: return stream 0, incr: 1, priority 4
[DEBUG] [QUIC:] hpi: line-85: lsquic_hpi_next: return stream 2, incr: 1, priority 4
[DEBUG] [QUIC:] hpi: line-96: add stream 1
[DEBUG] [QUIC:] hpi: line-96: add stream 0
[DEBUG] [QUIC:] hpi: line-96: add stream 2
[DEBUG] [QUIC:] hpi: line-96: add stream 6
[DEBUG] [QUIC:] hpi: line-96: add stream 10
[DEBUG] [QUIC:] hpi: line-96: add stream 3
[DEBUG] [QUIC:] hpi: line-96: initialized; # elems: 6; sets: [ 00000010, 00000010 ]
[DEBUG] [QUIC:] hpi: line-96: lsquic_hpi_next: return stream 3, incr: 0, priority 4
[DEBUG] [QUIC:] hpi: line-96: lsquic_hpi_next: return stream 6, incr: 0, priority 4
[DEBUG] [QUIC:] hpi: line-96: lsquic_hpi_next: return stream 10, incr: 0, priority 4
[DEBUG] [QUIC:] hpi: line-96: lsquic_hpi_next: return stream 1, incr: 1, priority 4
[DEBUG] [QUIC:] hpi: line-96: lsquic_hpi_next: return stream 0, incr: 1, priority 4
[DEBUG] [QUIC:] hpi: line-96: lsquic_hpi_next: return stream 2, incr: 1, priority 4
[DEBUG] [QUIC:] hpi: line-107: add stream 1
[DEBUG] [QUIC:] hpi: line-107: add stream 0
[DEBUG] [QUIC:] hpi: line-107: add stream 2
[DEBUG] [QUIC:] hpi: line-107: initialized; # elems: 3; sets: [ 00000000, 00000010 ]
[DEBUG] [QUIC:] hpi: line-107: lsquic_hpi_next: return stream 1, incr: 1, priority 4
[DEBUG] [QUIC:] hpi: line-107: lsquic_hpi_next: return stream 0, incr: 1, priority 4
[DEBUG] [QUIC:] hpi: line-107: lsquic_hpi_next: return stream 2, incr: 1, priority 4
[DEBUG] [QUIC:] hpi: line-115: add stream 1
[DEBUG] [QUIC:] hpi: line-115: add stream 0
[DEBUG] [QUIC:] hpi: line-115: add stream 2
[DEBUG] [QUIC:] hpi: line-115: initialized; # elems: 3; sets: [ 00000000, 00000010 ]
[DEBUG] [QUIC:] hpi: line-115: lsquic_hpi_next: return stream 1, incr: 1, priority 4
[DEBUG] [QUIC:] hpi: line-115: lsquic_hpi_next: return stream 0, incr: 1, priority 4
[DEBUG] [QUIC:] hpi: line-115: lsquic_hpi_next: return stream 2, incr: 1, priority 4
[DEBUG] [QUIC:] hpi: line-123: add stream 1
[DEBUG] [QUIC:] hpi: line-123: add stream 0
[DEBUG] [QUIC:] hpi: line-123: add stream 2
[DEBUG] [QUIC:] hpi: line-123: add stream 6
[DEBUG] [QUIC:] hpi: line-123: add stream 10
[DEBUG] [QUIC:] hpi: line-123: add stream 3
[DEBUG] [QUIC:] hpi: line-123: initialized; # elems: 6; sets: [ 00000010, 00000010 ]
[DEBUG] [QUIC:] hpi: line-123: lsquic_hpi_next: return stream 1, incr: 1, priority 4
[DEBUG] [QUIC:] hpi: line-123: lsquic_hpi_next: return stream 0, incr: 1, priority 4
[DEBUG] [QUIC:] hpi: line-123: lsquic_hpi_next: return stream 2, incr: 1, priority 4
[DEBUG] [QUIC:] hpi: line-132: add stream 1
[DEBUG] [QUIC:] hpi: line-132: add stream 0
[DEBUG] [QUIC:] hpi: line-132: add stream 2
[DEBUG] [QUIC:] hpi: line-132: add stream 6
[DEBUG] [QUIC:] hpi: line-132: add stream 10
[DEBUG] [QUIC:] hpi: line-132: add stream 3
[DEBUG] [QUIC:] hpi: line-132: initialized; # elems: 6; sets: [ 00000010, 00000010 ]
[DEBUG] [QUIC:] hpi: line-132: lsquic_hpi_next: return stream 3, incr: 0, priority 4
[DEBUG] [QUIC:] hpi: line-132: lsquic_hpi_next: return stream 6, incr: 0, priority 4
[DEBUG] [QUIC:] hpi: line-132: lsquic_hpi_next: return stream 10, incr: 0, priority 4
[DEBUG] [QUIC:] hpi: line-141: add stream 1
[DEBUG] [QUIC:] hpi: line-141: add stream 2
[DEBUG] [QUIC:] hpi: line-141: add stream 3
[DEBUG] [QUIC:] hpi: line-141: add stream 6
[DEBUG] [QUIC:] hpi: line-141: add stream 5
[DEBUG] [QUIC:] hpi: line-141: add stream 4
[DEBUG] [QUIC:] hpi: line-141: initialized; # elems: 6; sets: [ 000000E0, 0000001C ]
[DEBUG] [QUIC:] hpi: line-141: lsquic_hpi_next: return stream 1, incr: 1, priority 2
[DEBUG] [QUIC:] hpi: line-141: lsquic_hpi_next: return stream 2, incr: 1, priority 3
[DEBUG] [QUIC:] hpi: line-141: lsquic_hpi_next: return stream 3, incr: 1, priority 4
[DEBUG] [QUIC:] hpi: line-141: lsquic_hpi_next: return stream 4, incr: 0, priority 5
[DEBUG] [QUIC:] hpi: line-141: lsquic_hpi_next: return stream 5, incr: 0, priority 6
[DEBUG] [QUIC:] hpi: line-141: lsquic_hpi_next: return stream 6, incr: 0, priority 7
[DEBUG] [QUIC:] hpi: line-149: add stream 1
[DEBUG] [QUIC:] hpi: line-149: add stream 2
[DEBUG] [QUIC:] hpi: line-149: add stream 3333
[DEBUG] [QUIC:] hpi: line-149: add stream 6
[DEBUG] [QUIC:] hpi: line-149: add stream 2222
[DEBUG] [QUIC:] hpi: line-149: add stream 4
[DEBUG] [QUIC:] hpi: line-149: initialized; # elems: 6; sets: [ 000000A0, 0000000D ]
[DEBUG] [QUIC:] hpi: line-149: lsquic_hpi_next: return stream 3333, incr: 1, priority 0
[DEBUG] [QUIC:] hpi: line-149: lsquic_hpi_next: return stream 2222, incr: 1, priority 0
[DEBUG] [QUIC:] hpi: line-149: lsquic_hpi_next: return stream 1, incr: 1, priority 2
[DEBUG] [QUIC:] hpi: line-149: lsquic_hpi_next: return stream 2, incr: 1, priority 3
[DEBUG] [QUIC:] hpi: line-149: lsquic_hpi_next: return stream 4, incr: 0, priority 5
[DEBUG] [QUIC:] hpi: line-149: lsquic_hpi_next: return stream 6, incr: 0, priority 7
[DEBUG] [QUIC:] hpi: line-157: add stream 1
[DEBUG] [QUIC:] hpi: line-157: add stream 2
[DEBUG] [QUIC:] hpi: line-157: add stream 3333
[DEBUG] [QUIC:] hpi: line-157: add stream 6
[DEBUG] [QUIC:] hpi: line-157: add stream 2222
[DEBUG] [QUIC:] hpi: line-157: add stream 4
[DEBUG] [QUIC:] hpi: line-157: initialized; # elems: 6; sets: [ 000000A0, 0000000D ]
[DEBUG] [QUIC:] hpi: line-157: lsquic_hpi_next: return stream 1, incr: 1, priority 2
[DEBUG] [QUIC:] hpi: line-157: lsquic_hpi_next: return stream 2, incr: 1, priority 3
[DEBUG] [QUIC:] hpi: line-157: lsquic_hpi_next: return stream 4, incr: 0, priority 5
[DEBUG] [QUIC:] hpi: line-157: lsquic_hpi_next: return stream 6, incr: 0, priority 7
[DEBUG] [QUIC:] hpi: line-166: add stream 1
[DEBUG] [QUIC:] hpi: line-166: add stream 2
[DEBUG] [QUIC:] hpi: line-166: add stream 3333
[DEBUG] [QUIC:] hpi: line-166: add stream 6
[DEBUG] [QUIC:] hpi: line-166: add stream 2222
[DEBUG] [QUIC:] hpi: line-166: add stream 4
[DEBUG] [QUIC:] hpi: line-166: initialized; # elems: 6; sets: [ 000000A0, 0000000D ]
[DEBUG] [QUIC:] hpi: line-166: lsquic_hpi_next: return stream 3333, incr: 1, priority 0
[DEBUG] [QUIC:] hpi: line-166: lsquic_hpi_next: return stream 2222, incr: 1, priority 0
[DEBUG] [QUIC:] hpi: line-175: add stream 1
[DEBUG] [QUIC:] hpi: line-175: add stream 4
[DEBUG] [QUIC:] hpi: line-175: add stream 3
[DEBUG] [QUIC:] hpi: line-175: add stream 6
[DEBUG] [QUIC:] hpi: line-175: add stream 5
[DEBUG] [QUIC:] hpi: line-175: add stream 2
[DEBUG] [QUIC:] hpi: line-175: initialized; # elems: 6; sets: [ 0000000C, 00000000 ]
[DEBUG] [QUIC:] hpi: line-175: lsquic_hpi_next: return stream 1, incr: 0, priority 2
[DEBUG] [QUIC:] hpi: line-175: lsquic_hpi_next: return stream 5, incr: 0, priority 2
[DEBUG] [QUIC:] hpi: line-175: lsquic_hpi_next: return stream 6, incr: 0, priority 2
[DEBUG] [QUIC:] hpi: line-175: lsquic_hpi_next: return stream 2, incr: 0, priority 3
[DEBUG] [QUIC:] hpi: line-175: lsquic_hpi_next: return stream 3, incr: 0, priority 3
[DEBUG] [QUIC:] hpi: line-175: lsquic_hpi_next: return stream 4, incr: 0, priority 3
[DEBUG] [QUIC:] hpi: line-61: add stream 0
[DEBUG] [QUIC:] hpi: line-61: lsquic_hpi_next: return stream 0, incr: 0, priority 4
[DEBUG] [QUIC:] hpi: line-67: add stream 1
[DEBUG] [QUIC:] hpi: line-67: add stream 0
[DEBUG] [QUIC:] hpi: line-67: add stream 2
[DEBUG] [QUIC:] hpi: line-67: initialized; # elems: 3; sets: [ 00000010, 00000000 ]
[DEBUG] [QUIC:] hpi: line-67: lsquic_hpi_next: return stream 0, incr: 0, priority 4
[DEBUG] [QUIC:] hpi: line-67: lsquic_hpi_next: return stream 1, incr: 0, priority 4
[DEBUG] [QUIC:] hpi: line-67: lsquic_hpi_next: return stream 2, incr: 0, priority 4
[DEBUG] [QUIC:] hpi: line-76: add stream 1
[DEBUG] [QUIC:] hpi: line-76: add stream 0
[DEBUG] [QUIC:] hpi: line-76: add stream 2
[DEBUG] [QUIC:] hpi: line-76: initialized; # elems: 3; sets: [ 00000000, 00000010 ]
[DEBUG] [QUIC:] hpi: line-76: lsquic_hpi_next: return stream 1, incr: 1, priority 4
[DEBUG] [QUIC:] hpi: line-76: lsquic_hpi_next: return stream 0, incr: 1, priority 4
[DEBUG] [QUIC:] hpi: line-76: lsquic_hpi_next: return stream 2, incr: 1, priority 4
[DEBUG] [QUIC:] hpi: line-85: lsquic_hpi_next: return stream 0, incr: 1, priority 4
[DEBUG] [QUIC:] hpi: line-85: lsquic_hpi_next: return stream 2, incr: 1, priority 4
[DEBUG] [QUIC:] hpi: line-96: add stream 1
[DEBUG] [QUIC:] hpi: line-96: add stream 0
[DEBUG] [QUIC:] hpi: line-96: add stream 2
[DEBUG] [QUIC:] hpi: line-96: add stream 6
[DEBUG] [QUIC:] hpi: line-96: add stream 10
[DEBUG] [QUIC:] hpi: line-96: add stream 3
[DEBUG] [QUIC:] hpi: line-96: initialized; # elems: 6; sets: [ 00000010, 00000010 ]
[DEBUG] [QUIC:] hpi: line-96: lsquic_hpi_next: return stream 3, incr: 0, priority 4
[DEBUG] [QUIC:] hpi: line-96: lsquic_hpi_next: return stream 6, incr: 0, priority 4
[DEBUG] [QUIC:] hpi: line-96: lsquic_hpi_next: return stream 10, incr: 0, priority 4
[DEBUG] [QUIC:] hpi: line-96: lsquic_hpi_next: return stream 1, incr: 1, priority 4
[DEBUG] [QUIC:] hpi: line-96: lsquic_hpi_next: return stream 0, incr: 1, priority 4
[DEBUG] [QUIC:] hpi: line-96: lsquic_hpi_next: return stream 2, incr: 1, priority 4
[DEBUG] [QUIC:] hpi: line-107: add stream 1
[DEBUG] [QUIC:] hpi: line-107: add stream 0
[DEBUG] [QUIC:] hpi: line-107: add stream 2
[DEBUG] [QUIC:] hpi: line-107: initialized; # elems: 3; sets: [ 00000000, 00000010 ]
[DEBUG] [QUIC:] hpi: line-107: lsquic_hpi_next: return stream 1, incr: 1, priority 4
[DEBUG] [QUIC:] hpi: line-107: lsquic_hpi_next: return stream 0, incr: 1, priority 4
[DEBUG] [QUIC:] hpi: line-107: lsquic_hpi_next: return stream 2, incr: 1, priority 4
[DEBUG] [QUIC:] hpi: line-115: add stream 1
[DEBUG] [QUIC:] hpi: line-115: add stream 0
[DEBUG] [QUIC:] hpi: line-115: add stream 2
[DEBUG] [QUIC:] hpi: line-115: initialized; # elems: 3; sets: [ 00000000, 00000010 ]
[DEBUG] [QUIC:] hpi: line-115: lsquic_hpi_next: return stream 1, incr: 1, priority 4
[DEBUG] [QUIC:] hpi: line-115: lsquic_hpi_next: return stream 0, incr: 1, priority 4
[DEBUG] [QUIC:] hpi: line-115: lsquic_hpi_next: return stream 2, incr: 1, priority 4
[DEBUG] [QUIC:] hpi: line-123: add stream 1
[DEBUG] [QUIC:] hpi: line-123: add stream 0
[DEBUG] [QUIC:] hpi: line-123: add stream 2
[DEBUG] [QUIC:] hpi: line-123: add stream 6
[DEBUG] [QUIC:] hpi: line-123: add stream 10
[DEBUG] [QUIC:] hpi: line-123: add stream 3
[DEBUG] [QUIC:] hpi: line-123: initialized; # elems: 6; sets: [ 00000010, 00000010 ]
[DEBUG] [QUIC:] hpi: line-123: lsquic_hpi_next: return stream 1, incr: 1, priority 4
[DEBUG] [QUIC:] hpi: line-123: lsquic_hpi_next: return stream 0, incr: 1, priority 4
[DEBUG] [QUIC:] hpi: line-123: lsquic_hpi_next: return stream 2, incr: 1, priority 4
[DEBUG] [QUIC:] hpi: line-132: add stream 1
[DEBUG] [QUIC:] hpi: line-132: add stream 0
[DEBUG] [QUIC:] hpi: line-132: add stream 2
[DEBUG] [QUIC:] hpi: line-132: add stream 6
[DEBUG] [QUIC:] hpi: line-132: add stream 10
[DEBUG] [QUIC:] hpi: line-132: add stream 3
[DEBUG] [QUIC:] hpi: line-132: initialized; # elems: 6; sets: [ 00000010, 00000010 ]
[DEBUG] [QUIC:] hpi: line-132: lsquic_hpi_next: return stream 3, incr: 0, priority 4
[DEBUG] [QUIC:] hpi: line-132: lsquic_hpi_next: return stream 6, incr: 0, priority 4
[DEBUG] [QUIC:] hpi: line-132: lsquic_hpi_next: return stream 10, incr: 0, priority 4
[DEBUG] [QUIC:] hpi: line-141: add stream 1
[DEBUG] [QUIC:] hpi: line-141: add stream 2
[DEBUG] [QUIC:] hpi: line-141: add stream 3
[DEBUG] [QUIC:] hpi: line-141: add stream 6
[DEBUG] [QUIC:] hpi: line-141: add stream 5
[DEBUG] [QUIC:] hpi: line-141: add stream 4
[DEBUG] [QUIC:] hpi: line-141: initialized; # elems: 6; sets: [ 000000E0, 0000001C ]
[DEBUG] [QUIC:] hpi: line-141: lsquic_hpi_next: return stream 1, incr: 1, priority 2
[DEBUG] [QUIC:] hpi: line-141: lsquic_hpi_next: return stream 2, incr: 1, priority 3
[DEBUG] [QUIC:] hpi: line-141: lsquic_hpi_next: return stream 3, incr: 1, priority 4
[DEBUG] [QUIC:] hpi: line-141: lsquic_hpi_next: return stream 4, incr: 0, priority 5
[DEBUG] [QUIC:] hpi: line-141: lsquic_hpi_next: return stream 5, incr: 0, priority 6
[DEBUG] [QUIC:] hpi: line-141: lsquic_hpi_next: return stream 6, incr: 0, priority 7
[DEBUG] [QUIC:] hpi: line-149: add stream 1
[DEBUG] [QUIC:] hpi: line-149: add stream 2
[DEBUG] [QUIC:] hpi: line-149: add stream 3333
[DEBUG] [QUIC:] hpi: line-149: add stream 6
[DEBUG] [QUIC:] hpi: line-149: add stream 2222
[DEBUG] [QUIC:] hpi: line-149: add stream 4
[DEBUG] [QUIC:] hpi: line-149: initialized; # elems: 6; sets: [ 000000A0, 0000000D ]
[DEBUG] [QUIC:] hpi: line-149: lsquic_hpi_next: return stream 3333, incr: 1, priority 0
[DEBUG] [QUIC:] hpi: line-149: lsquic_hpi_next: return stream 2222, incr: 1, priority 0
[DEBUG] [QUIC:] hpi: line-149: lsquic_hpi_next: return stream 1, incr: 1, priority 2
[DEBUG] [QUIC:] hpi: line-149: lsquic_hpi_next: return stream 2, incr: 1, priority 3
[DEBUG] [QUIC:] hpi: line-149: lsquic_hpi_next: return stream 4, incr: 0, priority 5
[DEBUG] [QUIC:] hpi: line-149: lsquic_hpi_next: return stream 6, incr: 0, priority 7
[DEBUG] [QUIC:] hpi: line-157: add stream 1
[DEBUG] [QUIC:] hpi: line-157: add stream 2
[DEBUG] [QUIC:] hpi: line-157: add stream 3333
[DEBUG] [QUIC:] hpi: line-157: add stream 6
[DEBUG] [QUIC:] hpi: line-157: add stream 2222
[DEBUG] [QUIC:] hpi: line-157: add stream 4
[DEBUG] [QUIC:] hpi: line-157: initialized; # elems: 6; sets: [ 000000A0, 0000000D ]
[DEBUG] [QUIC:] hpi: line-157: lsquic_hpi_next: return stream 1, incr: 1, priority 2
[DEBUG] [QUIC:] hpi: line-157: lsquic_hpi_next: return stream 2, incr: 1, priority 3
[DEBUG] [QUIC:] hpi: line-157: lsquic_hpi_next: return stream 4, incr: 0, priority 5
[DEBUG] [QUIC:] hpi: line-157: lsquic_hpi_next: return stream 6, incr: 0, priority 7
[DEBUG] [QUIC:] hpi: line-166: add stream 1
[DEBUG] [QUIC:] hpi: line-166: add stream 2
[DEBUG] [QUIC:] hpi: line-166: add stream 3333
[DEBUG] [QUIC:] hpi: line-166: add stream 6
[DEBUG] [QUIC:] hpi: line-166: add stream 2222
[DEBUG] [QUIC:] hpi: line-166: add stream 4
[DEBUG] [QUIC:] hpi: line-166: initialized; # elems: 6; sets: [ 000000A0, 0000000D ]
[DEBUG] [QUIC:] hpi: line-166: lsquic_hpi_next: return stream 3333, incr: 1, priority 0
[DEBUG] [QUIC:] hpi: line-166: lsquic_hpi_next: return stream 2222, incr: 1, priority 0
[DEBUG] [QUIC:] hpi: line-175: add stream 1
[DEBUG] [QUIC:] hpi: line-175: add stream 4
[DEBUG] [QUIC:] hpi: line-175: add stream 3
[DEBUG] [QUIC:] hpi: line-175: add stream 6
[DEBUG] [QUIC:] hpi: line-175: add stream 5
[DEBUG] [QUIC:] hpi: line-175: add stream 2
[DEBUG] [QUIC:] hpi: line-175: initialized; # elems: 6; sets: [ 0000000C, 00000000 ]
[DEBUG] [QUIC:] hpi: line-175: lsquic_hpi_next: return stream 1, incr: 0, priority 2
[DEBUG] [QUIC:] hpi: line-175: lsquic_hpi_next: return stream 5, incr: 0, priority 2
[DEBUG] [QUIC:] hpi: line-175: lsquic_hpi_next: return stream 6, incr: 0, priority 2
[DEBUG] [QUIC:] hpi: line-175: lsquic_hpi_next: return stream 2, incr: 0, priority 3
[DEBUG] [QUIC:] hpi: line-175: lsquic_hpi_next: return stream 3, incr: 0, priority 3
[DEBUG] [QUIC:] hpi: line-175: lsquic_hpi_next: return stream 4, incr: 0, priority 3
[DEBUG] [QUIC:] hpi: line-61: add stream 0
[DEBUG] [QUIC:] hpi: line-61: lsquic_hpi_next: return stream 0, incr: 0, priority 4
[DEBUG] [QUIC:] hpi: line-67: add stream 1
[DEBUG] [QUIC:] hpi: line-67: add stream 0
[DEBUG] [QUIC:] hpi: line-67: add stream 2
[DEBUG] [QUIC:] hpi: line-67: initialized; # elems: 3; sets: [ 00000010, 00000000 ]
[DEBUG] [QUIC:] hpi: line-67: lsquic_hpi_next: return stream 0, incr: 0, priority 4
[DEBUG] [QUIC:] hpi: line-67: lsquic_hpi_next: return stream 1, incr: 0, priority 4
[DEBUG] [QUIC:] hpi: line-67: lsquic_hpi_next: return stream 2, incr: 0, priority 4
[DEBUG] [QUIC:] hpi: line-76: add stream 1
[DEBUG] [QUIC:] hpi: line-76: add stream 0
[DEBUG] [QUIC:] hpi: line-76: add stream 2
[DEBUG] [QUIC:] hpi: line-76: initialized; # elems: 3; sets: [ 00000000, 00000010 ]
[DEBUG] [QUIC:] hpi: line-76: lsquic_hpi_next: return stream 1, incr: 1, priority 4
[DEBUG] [QUIC:] hpi: line-76: lsquic_hpi_next: return stream 0, incr: 1, priority 4
[DEBUG] [QUIC:] hpi: line-76: lsquic_hpi_next: return stream 2, incr: 1, priority 4
[DEBUG] [QUIC:] hpi: line-85: lsquic_hpi_next: return stream 0, incr: 1, priority 4
[DEBUG] [QUIC:] hpi: line-85: lsquic_hpi_next: return stream 2, incr: 1, priority 4
[DEBUG] [QUIC:] hpi: line-96: add stream 1
[DEBUG] [QUIC:] hpi: line-96: add stream 0
[DEBUG] [QUIC:] hpi: line-96: add stream 2
[DEBUG] [QUIC:] hpi: line-96: add stream 6
[DEBUG] [QUIC:] hpi: line-96: add stream 10
[DEBUG] [QUIC:] hpi: line-96: add stream 3
[DEBUG] [QUIC:] hpi: line-96: initialized; # elems: 6; sets: [ 00000010, 00000010 ]
[DEBUG] [QUIC:] hpi: line-96: lsquic_hpi_next: return stream 3, incr: 0, priority 4
[DEBUG] [QUIC:] hpi: line-96: lsquic_hpi_next: return stream 6, incr: 0, priority 4
[DEBUG] [QUIC:] hpi: line-96: lsquic_hpi_next: return stream 10, incr: 0, priority 4
[DEBUG] [QUIC:] hpi: line-96: lsquic_hpi_next: return stream 1, incr: 1, priority 4
[DEBUG] [QUIC:] hpi: line-96: lsquic_hpi_next: return stream 0, incr: 1, priority 4
[DEBUG] [QUIC:] hpi: line-96: lsquic_hpi_next: return stream 2, incr: 1, priority 4
[DEBUG] [QUIC:] hpi: line-107: add stream 1
[DEBUG] [QUIC:] hpi: line-107: add stream 0
[DEBUG] [QUIC:] hpi: line-107: add stream 2
[DEBUG] [QUIC:] hpi: line-107: initialized; # elems: 3; sets: [ 00000000, 00000010 ]
[DEBUG] [QUIC:] hpi: line-107: lsquic_hpi_next: return stream 1, incr: 1, priority 4
[DEBUG] [QUIC:] hpi: line-107: lsquic_hpi_next: return stream 0, incr: 1, priority 4
[DEBUG] [QUIC:] hpi: line-107: lsquic_hpi_next: return stream 2, incr: 1, priority 4
[DEBUG] [QUIC:] hpi: line-115: add stream 1
[DEBUG] [QUIC:] hpi: line-115: add stream 0
[DEBUG] [QUIC:] hpi: line-115: add stream 2
[DEBUG] [QUIC:] hpi: line-115: initialized; # elems: 3; sets: [ 00000000, 00000010 ]
[DEBUG] [QUIC:] hpi: line-115: lsquic_hpi_next: return stream 1, incr: 1, priority 4
[DEBUG] [QUIC:] hpi: line-115: lsquic_hpi_next: return stream 0, incr: 1, priority 4
[DEBUG] [QUIC:] hpi: line-115: lsquic_hpi_next: return stream 2, incr: 1, priority 4
[DEBUG] [QUIC:] hpi: line-123: add stream 1
[DEBUG] [QUIC:] hpi: line-123: add stream 0
[DEBUG] [QUIC:] hpi: line-123: add stream 2
[DEBUG] [QUIC:] hpi: line-123: add stream 6
[DEBUG] [QUIC:] hpi: line-123: add stream 10
[DEBUG] [QUIC:] hpi: line-123: add stream 3
[DEBUG] [QUIC:] hpi: line-123: initialized; # elems: 6; sets: [ 00000010, 00000010 ]
[DEBUG] [QUIC:] hpi: line-123: lsquic_hpi_next: return stream 1, incr: 1, priority 4
[DEBUG] [QUIC:] hpi: line-123: lsquic_hpi_next: return stream 0, incr: 1, priority 4
[DEBUG] [QUIC:] hpi: line-123: lsquic_hpi_next: return stream 2, incr: 1, priority 4
[DEBUG] [QUIC:] hpi: line-132: add stream 1
[DEBUG] [QUIC:] hpi: line-132: add stream 0
[DEBUG] [QUIC:] hpi: line-132: add stream 2
[DEBUG] [QUIC:] hpi: line-132: add stream 6
[DEBUG] [QUIC:] hpi: line-132: add stream 10
[DEBUG] [QUIC:] hpi: line-132: add stream 3
[DEBUG] [QUIC:] hpi: line-132: initialized; # elems: 6; sets: [ 00000010, 00000010 ]
[DEBUG] [QUIC:] hpi: line-132: lsquic_hpi_next: return stream 3, incr: 0, priority 4
[DEBUG] [QUIC:] hpi: line-132: lsquic_hpi_next: return stream 6, incr: 0, priority 4
[DEBUG] [QUIC:] hpi: line-132: lsquic_hpi_next: return stream 10, incr: 0, priority 4
[DEBUG] [QUIC:] hpi: line-141: add stream 1
[DEBUG] [QUIC:] hpi: line-141: add stream 2
[DEBUG] [QUIC:] hpi: line-141: add stream 3
[DEBUG] [QUIC:] hpi: line-141: add stream 6
[DEBUG] [QUIC:] hpi: line-141: add stream 5
[DEBUG] [QUIC:] hpi: line-141: add stream 4
[DEBUG] [QUIC:] hpi: line-141: initialized; # elems: 6; sets: [ 000000E0, 0000001C ]
[DEBUG] [QUIC:] hpi: line-141: lsquic_hpi_next: return stream 1, incr: 1, priority 2
[DEBUG] [QUIC:] hpi: line-141: lsquic_hpi_next: return stream 2, incr: 1, priority 3
[DEBUG] [QUIC:] hpi: line-141: lsquic_hpi_next: return stream 3, incr: 1, priority 4
[DEBUG] [QUIC:] hpi: line-141: lsquic_hpi_next: return stream 4, incr: 0, priority 5
[DEBUG] [QUIC:] hpi: line-141: lsquic_hpi_next: return stream 5, incr: 0, priority 6
[DEBUG] [QUIC:] hpi: line-141: lsquic_hpi_next: return stream 6, incr: 0, priority 7
[DEBUG] [QUIC:] hpi: line-149: add stream 1
[DEBUG] [QUIC:] hpi: line-149: add stream 2
[DEBUG] [QUIC:] hpi: line-149: add stream 3333
[DEBUG] [QUIC:] hpi: line-149: add stream 6
[DEBUG] [QUIC:] hpi: line-149: add stream 2222
[DEBUG] [QUIC:] hpi: line-149: add stream 4
[DEBUG] [QUIC:] hpi: line-149: initialized; # elems: 6; sets: [ 000000A0, 0000000D ]
[DEBUG] [QUIC:] hpi: line-149: lsquic_hpi_next: return stream 3333, incr: 1, priority 0
[DEBUG] [QUIC:] hpi: line-149: lsquic_hpi_next: return stream 2222, incr: 1, priority 0
[DEBUG] [QUIC:] hpi: line-149: lsquic_hpi_next: return stream 1, incr: 1, priority 2
[DEBUG] [QUIC:] hpi: line-149: lsquic_hpi_next: return stream 2, incr: 1, priority 3
[DEBUG] [QUIC:] hpi: line-149: lsquic_hpi_next: return stream 4, incr: 0, priority 5
[DEBUG] [QUIC:] hpi: line-149: lsquic_hpi_next: return stream 6, incr: 0, priority 7
[DEBUG] [QUIC:] hpi: line-157: add stream 1
[DEBUG] [QUIC:] hpi: line-157: add stream 2
[DEBUG] [QUIC:] hpi: line-157: add stream 3333
[DEBUG] [QUIC:] hpi: line-157: add stream 6
[DEBUG] [QUIC:] hpi: line-157: add stream 2222
[DEBUG] [QUIC:] hpi: line-157: add stream 4
[DEBUG] [QUIC:] hpi: line-157: initialized; # elems: 6; sets: [ 000000A0, 0000000D ]
[DEBUG] [QUIC:] hpi: line-157: lsquic_hpi_next: return stream 1, incr: 1, priority 2
[DEBUG] [QUIC:] hpi: line-157: lsquic_hpi_next: return stream 2, incr: 1, priority 3
[DEBUG] [QUIC:] hpi: line-157: lsquic_hpi_next: return stream 4, incr: 0, priority 5
[DEBUG] [QUIC:] hpi: line-157: lsquic_hpi_next: return stream 6, incr: 0, priority 7
[DEBUG] [QUIC:] hpi: line-166: add stream 1
[DEBUG] [QUIC:] hpi: line-166: add stream 2
[DEBUG] [QUIC:] hpi: line-166: add stream 3333
[DEBUG] [QUIC:] hpi: line-166: add stream 6
[DEBUG] [QUIC:] hpi: line-166: add stream 2222
[DEBUG] [QUIC:] hpi: line-166: add stream 4
[DEBUG] [QUIC:] hpi: line-166: initialized; # elems: 6; sets: [ 000000A0, 0000000D ]
[DEBUG] [QUIC:] hpi: line-166: lsquic_hpi_next: return stream 3333, incr: 1, priority 0
[DEBUG] [QUIC:] hpi: line-166: lsquic_hpi_next: return stream 2222, incr: 1, priority 0
[DEBUG] [QUIC:] hpi: line-175: add stream 1
[DEBUG] [QUIC:] hpi: line-175: add stream 4
[DEBUG] [QUIC:] hpi: line-175: add stream 3
[DEBUG] [QUIC:] hpi: line-175: add stream 6
[DEBUG] [QUIC:] hpi: line-175: add stream 5
[DEBUG] [QUIC:] hpi: line-175: add stream 2
[DEBUG] [QUIC:] hpi: line-175: initialized; # elems: 6; sets: [ 0000000C, 00000000 ]
[DEBUG] [QUIC:] hpi: line-175: lsquic_hpi_next: return stream 1, incr: 0, priority 2
[DEBUG] [QUIC:] hpi: line-175: lsquic_hpi_next: return stream 5, incr: 0, priority 2
[DEBUG] [QUIC:] hpi: line-175: lsquic_hpi_next: return stream 6, incr: 0, priority 2
[DEBUG] [QUIC:] hpi: line-175: lsquic_hpi_next: return stream 2, incr: 0, priority 3
[DEBUG] [QUIC:] hpi: line-175: lsquic_hpi_next: return stream 3, incr: 0, priority 3
[DEBUG] [QUIC:] hpi: line-175: lsquic_hpi_next: return stream 4, incr: 0, priority 3
[DEBUG] [QUIC:] hpi: line-61: add stream 0
[DEBUG] [QUIC:] hpi: line-61: lsquic_hpi_next: return stream 0, incr: 0, priority 4
[DEBUG] [QUIC:] hpi: line-67: add stream 1
[DEBUG] [QUIC:] hpi: line-67: add stream 0
[DEBUG] [QUIC:] hpi: line-67: add stream 2
[DEBUG] [QUIC:] hpi: line-67: initialized; # elems: 3; sets: [ 00000010, 00000000 ]
[DEBUG] [QUIC:] hpi: line-67: lsquic_hpi_next: return stream 0, incr: 0, priority 4
[DEBUG] [QUIC:] hpi: line-67: lsquic_hpi_next: return stream 1, incr: 0, priority 4
[DEBUG] [QUIC:] hpi: line-67: lsquic_hpi_next: return stream 2, incr: 0, priority 4
[DEBUG] [QUIC:] hpi: line-76: add stream 1
[DEBUG] [QUIC:] hpi: line-76: add stream 0
[DEBUG] [QUIC:] hpi: line-76: add stream 2
[DEBUG] [QUIC:] hpi: line-76: initialized; # elems: 3; sets: [ 00000000, 00000010 ]
[DEBUG] [QUIC:] hpi: line-76: lsquic_hpi_next: return stream 1, incr: 1, priority 4
[DEBUG] [QUIC:] hpi: line-76: lsquic_hpi_next: return stream 0, incr: 1, priority 4
[DEBUG] [QUIC:] hpi: line-76: lsquic_hpi_next: return stream 2, incr: 1, priority 4
[DEBUG] [QUIC:] hpi: line-85: lsquic_hpi_next: return stream 0, incr: 1, priority 4
[DEBUG] [QUIC:] hpi: line-85: lsquic_hpi_next: return stream 2, incr: 1, priority 4
[DEBUG] [QUIC:] hpi: line-96: add stream 1
[DEBUG] [QUIC:] hpi: line-96: add stream 0
[DEBUG] [QUIC:] hpi: line-96: add stream 2
[DEBUG] [QUIC:] hpi: line-96: add stream 6
[DEBUG] [QUIC:] hpi: line-96: add stream 10
[DEBUG] [QUIC:] hpi: line-96: add stream 3
[DEBUG] [QUIC:] hpi: line-96: initialized; # elems: 6; sets: [ 00000010, 00000010 ]
[DEBUG] [QUIC:] hpi: line-96: lsquic_hpi_next: return stream 3, incr: 0, priority 4
[DEBUG] [QUIC:] hpi: line-96: lsquic_hpi_next: return stream 6, incr: 0, priority 4
[DEBUG] [QUIC:] hpi: line-96: lsquic_hpi_next: return stream 10, incr: 0, priority 4
[DEBUG] [QUIC:] hpi: line-96: lsquic_hpi_next: return stream 1, incr: 1, priority 4
[DEBUG] [QUIC:] hpi: line-96: lsquic_hpi_next: return stream 0, incr: 1, priority 4
[DEBUG] [QUIC:] hpi: line-96: lsquic_hpi_next: return stream 2, incr: 1, priority 4
[DEBUG] [QUIC:] hpi: line-107: add stream 1
[DEBUG] [QUIC:] hpi: line-107: add stream 0
[DEBUG] [QUIC:] hpi: line-107: add stream 2
[DEBUG] [QUIC:] hpi: line-107: initialized; # elems: 3; sets: [ 00000000, 00000010 ]
[DEBUG] [QUIC:] hpi: line-107: lsquic_hpi_next: return stream 1, incr: 1, priority 4
[DEBUG] [QUIC:] hpi: line-107: lsquic_hpi_next: return stream 0, incr: 1, priority 4
[DEBUG] [QUIC:] hpi: line-107: lsquic_hpi_next: return stream 2, incr: 1, priority 4
[DEBUG] [QUIC:] hpi: line-115: add stream 1
[DEBUG] [QUIC:] hpi: line-115: add stream 0
[DEBUG] [QUIC:] hpi: line-115: add stream 2
[DEBUG] [QUIC:] hpi: line-115: initialized; # elems: 3; sets: [ 00000000, 00000010 ]
[DEBUG] [QUIC:] hpi: line-115: lsquic_hpi_next: return stream 1, incr: 1, priority 4
[DEBUG] [QUIC:] hpi: line-115: lsquic_hpi_next: return stream 0, incr: 1, priority 4
[DEBUG] [QUIC:] hpi: line-115: lsquic_hpi_next: return stream 2, incr: 1, priority 4
[DEBUG] [QUIC:] hpi: line-123: add stream 1
[DEBUG] [QUIC:] hpi: line-123: add stream 0
[DEBUG] [QUIC:] hpi: line-123: add stream 2
[DEBUG] [QUIC:] hpi: line-123: add stream 6
[DEBUG] [QUIC:] hpi: line-123: add stream 10
[DEBUG] [QUIC:] hpi: line-123: add stream 3
[DEBUG] [QUIC:] hpi: line-123: initialized; # elems: 6; sets: [ 00000010, 00000010 ]
[DEBUG] [QUIC:] hpi: line-123: lsquic_hpi_next: return stream 1, incr: 1, priority 4
[DEBUG] [QUIC:] hpi: line-123: lsquic_hpi_next: return stream 0, incr: 1, priority 4
[DEBUG] [QUIC:] hpi: line-123: lsquic_hpi_next: return stream 2, incr: 1, priority 4
[DEBUG] [QUIC:] hpi: line-132: add stream 1
[DEBUG] [QUIC:] hpi: line-132: add stream 0
[DEBUG] [QUIC:] hpi: line-132: add stream 2
[DEBUG] [QUIC:] hpi: line-132: add stream 6
[DEBUG] [QUIC:] hpi: line-132: add stream 10
[DEBUG] [QUIC:] hpi: line-132: add stream 3
[DEBUG] [QUIC:] hpi: line-132: initialized; # elems: 6; sets: [ 00000010, 00000010 ]
[DEBUG] [QUIC:] hpi: line-132: lsquic_hpi_next: return stream 3, incr: 0, priority 4
[DEBUG] [QUIC:] hpi: line-132: lsquic_hpi_next: return stream 6, incr: 0, priority 4
[DEBUG] [QUIC:] hpi: line-132: lsquic_hpi_next: return stream 10, incr: 0, priority 4
[DEBUG] [QUIC:] hpi: line-141: add stream 1
[DEBUG] [QUIC:] hpi: line-141: add stream 2
[DEBUG] [QUIC:] hpi: line-141: add stream 3
[DEBUG] [QUIC:] hpi: line-141: add stream 6
[DEBUG] [QUIC:] hpi: line-141: add stream 5
[DEBUG] [QUIC:] hpi: line-141: add stream 4
[DEBUG] [QUIC:] hpi: line-141: initialized; # elems: 6; sets: [ 000000E0, 0000001C ]
[DEBUG] [QUIC:] hpi: line-141: lsquic_hpi_next: return stream 1, incr: 1, priority 2
[DEBUG] [QUIC:] hpi: line-141: lsquic_hpi_next: return stream 2, incr: 1, priority 3
[DEBUG] [QUIC:] hpi: line-141: lsquic_hpi_next: return stream 3, incr: 1, priority 4
[DEBUG] [QUIC:] hpi: line-141: lsquic_hpi_next: return stream 4, incr: 0, priority 5
[DEBUG] [QUIC:] hpi: line-141: lsquic_hpi_next: return stream 5, incr: 0, priority 6
[DEBUG] [QUIC:] hpi: line-141: lsquic_hpi_next: return stream 6, incr: 0, priority 7
[DEBUG] [QUIC:] hpi: line-149: add stream 1
[DEBUG] [QUIC:] hpi: line-149: add stream 2
[DEBUG] [QUIC:] hpi: line-149: add stream 3333
[DEBUG] [QUIC:] hpi: line-149: add stream 6
[DEBUG] [QUIC:] hpi: line-149: add stream 2222
[DEBUG] [QUIC:] hpi: line-149: add stream 4
[DEBUG] [QUIC:] hpi: line-149: initialized; # elems: 6; sets: [ 000000A0, 0000000D ]
[DEBUG] [QUIC:] hpi: line-149: lsquic_hpi_next: return stream 3333, incr: 1, priority 0
[DEBUG] [QUIC:] hpi: line-149: lsquic_hpi_next: return stream 2222, incr: 1, priority 0
[DEBUG] [QUIC:] hpi: line-149: lsquic_hpi_next: return stream 1, incr: 1, priority 2
[DEBUG] [QUIC:] hpi: line-149: lsquic_hpi_next: return stream 2, incr: 1, priority 3
[DEBUG] [QUIC:] hpi: line-149: lsquic_hpi_next: return stream 4, incr: 0, priority 5
[DEBUG] [QUIC:] hpi: line-149: lsquic_hpi_next: return stream 6, incr: 0, priority 7
[DEBUG] [QUIC:] hpi: line-157: add stream 1
[DEBUG] [QUIC:] hpi: line-157: add stream 2
[DEBUG] [QUIC:] hpi: line-157: add stream 3333
[DEBUG] [QUIC:] hpi: line-157: add stream 6
[DEBUG] [QUIC:] hpi: line-157: add stream 2222
[DEBUG] [QUIC:] hpi: line-157: add stream 4
[DEBUG] [QUIC:] hpi: line-157: initialized; # elems: 6; sets: [ 000000A0, 0000000D ]
[DEBUG] [QUIC:] hpi: line-157: lsquic_hpi_next: return stream 1, incr: 1, priority 2
[DEBUG] [QUIC:] hpi: line-157: lsquic_hpi_next: return stream 2, incr: 1, priority 3
[DEBUG] [QUIC:] hpi: line-157: lsquic_hpi_next: return stream 4, incr: 0, priority 5
[DEBUG] [QUIC:] hpi: line-157: lsquic_hpi_next: return stream 6, incr: 0, priority 7
[DEBUG] [QUIC:] hpi: line-166: add stream 1
[DEBUG] [QUIC:] hpi: line-166: add stream 2
[DEBUG] [QUIC:] hpi: line-166: add stream 3333
[DEBUG] [QUIC:] hpi: line-166: add stream 6
[DEBUG] [QUIC:] hpi: line-166: add stream 2222
[DEBUG] [QUIC:] hpi: line-166: add stream 4
[DEBUG] [QUIC:] hpi: line-166: initialized; # elems: 6; sets: [ 000000A0, 0000000D ]
[DEBUG] [QUIC:] hpi: line-166: lsquic_hpi_next: return stream 3333, incr: 1, priority 0
[DEBUG] [QUIC:] hpi: line-166: lsquic_hpi_next: return stream 2222, incr: 1, priority 0
[DEBUG] [QUIC:] hpi: line-175: add stream 1
[DEBUG] [QUIC:] hpi: line-175: add stream 4
[DEBUG] [QUIC:] hpi: line-175: add stream 3
[DEBUG] [QUIC:] hpi: line-175: add stream 6
[DEBUG] [QUIC:] hpi: line-175: add stream 5
[DEBUG] [QUIC:] hpi: line-175: add stream 2
[DEBUG] [QUIC:] hpi: line-175: initialized; # elems: 6; sets: [ 0000000C, 00000000 ]
[DEBUG] [QUIC:] hpi: line-175: lsquic_hpi_next: return stream 1, incr: 0, priority 2
[DEBUG] [QUIC:] hpi: line-175: lsquic_hpi_next: return stream 5, incr: 0, priority 2
[DEBUG] [QUIC:] hpi: line-175: lsquic_hpi_next: return stream 6, incr: 0, priority 2
[DEBUG] [QUIC:] hpi: line-175: lsquic_hpi_next: return stream 2, incr: 0, priority 3
[DEBUG] [QUIC:] hpi: line-175: lsquic_hpi_next: return stream 3, incr: 0, priority 3
[DEBUG] [QUIC:] hpi: line-175: lsquic_hpi_next: return stream 4, incr: 0, priority 3
<end of output>
Test time =   0.01 sec
----------------------------------------------------------
Test Passed.
"hpi" end time: Jul 06 22:55 UTC
"hpi" time elapsed: 00:00:00
----------------------------------------------------------

25/63 Testing: lsquic_hash
25/63 Test: lsquic_hash
Command: "/home/saas/lsquic/tests/test_lsquic_hash"
Directory: /home/saas/lsquic/tests
"lsquic_hash" start time: Jul 06 22:55 UTC
Output:
----------------------------------------------------------
<end of output>
Test time =   0.92 sec
----------------------------------------------------------
Test Passed.
"lsquic_hash" end time: Jul 06 22:55 UTC
"lsquic_hash" time elapsed: 00:00:00
----------------------------------------------------------

26/63 Testing: packet_out
26/63 Test: packet_out
Command: "/home/saas/lsquic/tests/test_packet_out"
Directory: /home/saas/lsquic/tests
"packet_out" start time: Jul 06 22:55 UTC
Output:
----------------------------------------------------------
<end of output>
Test time =   0.00 sec
----------------------------------------------------------
Test Passed.
"packet_out" end time: Jul 06 22:55 UTC
"packet_out" time elapsed: 00:00:00
----------------------------------------------------------

27/63 Testing: packet_resize
27/63 Test: packet_resize
Command: "/home/saas/lsquic/tests/test_packet_resize"
Directory: /home/saas/lsquic/tests
"packet_resize" start time: Jul 06 22:55 UTC
Output:
----------------------------------------------------------
22:55:15.893 [INFO] testing version Q043
22:55:15.893 [INFO] Running test on line 89: split one packet with single STREAM frame into two
22:55:15.893 [INFO] Running test on line 94: split one 6000-byte packet with single STREAM frame into many, looping
22:55:15.910 [INFO] Running test on line 99: split three 1500-byte packets with several STREAM frames from different streams
22:55:15.943 [INFO] Running test on line 110: one packet, STREAM frame and and empty STREAM FIN frame, split down by 1
22:55:16.010 [INFO] Running test on line 115: one packet, STREAM frame and and empty STREAM FIN frame, split down by 31
22:55:16.010 [INFO] Running test on line 120: one packet, STREAM frame with a FIN, split down by 1
22:55:16.077 [INFO] Running test on line 125: one packet, STREAM frame with a FIN, split down by 31
22:55:16.077 [INFO] Running test on line 130: one packet, frame too large
22:55:16.078 [WARN] [QUIC:] packet-resize: frame too large
22:55:16.078 [INFO] Running test on line 136: split one packet with single CRYPTO frame into two
22:55:16.078 [INFO] Not applicable to version Q043, skip
22:55:16.078 [INFO] testing version Q046
22:55:16.078 [INFO] Running test on line 89: split one packet with single STREAM frame into two
22:55:16.078 [INFO] Running test on line 94: split one 6000-byte packet with single STREAM frame into many, looping
22:55:16.095 [INFO] Running test on line 99: split three 1500-byte packets with several STREAM frames from different streams
22:55:16.128 [INFO] Running test on line 110: one packet, STREAM frame and and empty STREAM FIN frame, split down by 1
22:55:16.195 [INFO] Running test on line 115: one packet, STREAM frame and and empty STREAM FIN frame, split down by 31
22:55:16.195 [INFO] Running test on line 120: one packet, STREAM frame with a FIN, split down by 1
22:55:16.262 [INFO] Running test on line 125: one packet, STREAM frame with a FIN, split down by 31
22:55:16.262 [INFO] Running test on line 130: one packet, frame too large
22:55:16.262 [WARN] [QUIC:] packet-resize: frame too large
22:55:16.262 [INFO] Running test on line 136: split one packet with single CRYPTO frame into two
22:55:16.262 [INFO] Not applicable to version Q046, skip
22:55:16.262 [INFO] testing version Q050
22:55:16.262 [INFO] Running test on line 89: split one packet with single STREAM frame into two
22:55:16.263 [INFO] Running test on line 94: split one 6000-byte packet with single STREAM frame into many, looping
22:55:16.278 [INFO] Running test on line 99: split three 1500-byte packets with several STREAM frames from different streams
22:55:16.312 [INFO] Running test on line 110: one packet, STREAM frame and and empty STREAM FIN frame, split down by 1
22:55:16.380 [INFO] Running test on line 115: one packet, STREAM frame and and empty STREAM FIN frame, split down by 31
22:55:16.380 [INFO] Running test on line 120: one packet, STREAM frame with a FIN, split down by 1
22:55:16.448 [INFO] Running test on line 125: one packet, STREAM frame with a FIN, split down by 31
22:55:16.448 [INFO] Running test on line 130: one packet, frame too large
22:55:16.448 [WARN] [QUIC:] packet-resize: frame too large
22:55:16.448 [INFO] Running test on line 136: split one packet with single CRYPTO frame into two
22:55:16.448 [INFO] Not applicable to version Q050, skip
22:55:16.448 [INFO] testing version FF00001D
22:55:16.448 [INFO] Running test on line 89: split one packet with single STREAM frame into two
22:55:16.448 [INFO] Running test on line 94: split one 6000-byte packet with single STREAM frame into many, looping
22:55:16.462 [INFO] Running test on line 99: split three 1500-byte packets with several STREAM frames from different streams
22:55:16.490 [INFO] Running test on line 110: one packet, STREAM frame and and empty STREAM FIN frame, split down by 1
22:55:16.549 [INFO] Running test on line 115: one packet, STREAM frame and and empty STREAM FIN frame, split down by 31
22:55:16.549 [INFO] Running test on line 120: one packet, STREAM frame with a FIN, split down by 1
22:55:16.608 [INFO] Running test on line 125: one packet, STREAM frame with a FIN, split down by 31
22:55:16.608 [INFO] Running test on line 130: one packet, frame too large
22:55:16.608 [WARN] [QUIC:] packet-resize: frame too large
22:55:16.608 [INFO] Running test on line 136: split one packet with single CRYPTO frame into two
22:55:16.608 [INFO] testing version 00000001
22:55:16.608 [INFO] Running test on line 89: split one packet with single STREAM frame into two
22:55:16.608 [INFO] Running test on line 94: split one 6000-byte packet with single STREAM frame into many, looping
22:55:16.622 [INFO] Running test on line 99: split three 1500-byte packets with several STREAM frames from different streams
22:55:16.650 [INFO] Running test on line 110: one packet, STREAM frame and and empty STREAM FIN frame, split down by 1
22:55:16.708 [INFO] Running test on line 115: one packet, STREAM frame and and empty STREAM FIN frame, split down by 31
22:55:16.708 [INFO] Running test on line 120: one packet, STREAM frame with a FIN, split down by 1
22:55:16.767 [INFO] Running test on line 125: one packet, STREAM frame with a FIN, split down by 31
22:55:16.767 [INFO] Running test on line 130: one packet, frame too large
22:55:16.767 [WARN] [QUIC:] packet-resize: frame too large
22:55:16.767 [INFO] Running test on line 136: split one packet with single CRYPTO frame into two
22:55:16.767 [INFO] testing version 6B3343CF
22:55:16.767 [INFO] Running test on line 89: split one packet with single STREAM frame into two
22:55:16.767 [INFO] Running test on line 94: split one 6000-byte packet with single STREAM frame into many, looping
22:55:16.780 [INFO] Running test on line 99: split three 1500-byte packets with several STREAM frames from different streams
22:55:16.808 [INFO] Running test on line 110: one packet, STREAM frame and and empty STREAM FIN frame, split down by 1
22:55:16.867 [INFO] Running test on line 115: one packet, STREAM frame and and empty STREAM FIN frame, split down by 31
22:55:16.867 [INFO] Running test on line 120: one packet, STREAM frame with a FIN, split down by 1
22:55:16.927 [INFO] Running test on line 125: one packet, STREAM frame with a FIN, split down by 31
22:55:16.927 [INFO] Running test on line 130: one packet, frame too large
22:55:16.927 [WARN] [QUIC:] packet-resize: frame too large
22:55:16.927 [INFO] Running test on line 136: split one packet with single CRYPTO frame into two
<end of output>
Test time =   1.04 sec
----------------------------------------------------------
Test Passed.
"packet_resize" end time: Jul 06 22:55 UTC
"packet_resize" time elapsed: 00:00:01
----------------------------------------------------------

28/63 Testing: packno_len
28/63 Test: packno_len
Command: "/home/saas/lsquic/tests/test_packno_len"
Directory: /home/saas/lsquic/tests
"packno_len" start time: Jul 06 22:55 UTC
Output:
----------------------------------------------------------
<end of output>
Test time =   0.00 sec
----------------------------------------------------------
Test Passed.
"packno_len" end time: Jul 06 22:55 UTC
"packno_len" time elapsed: 00:00:00
----------------------------------------------------------

29/63 Testing: parse_packet_in
29/63 Test: parse_packet_in
Command: "/home/saas/lsquic/tests/test_parse_packet_in"
Directory: /home/saas/lsquic/tests
"parse_packet_in" start time: Jul 06 22:55 UTC
Output:
----------------------------------------------------------
<end of output>
Test time =   0.00 sec
----------------------------------------------------------
Test Passed.
"parse_packet_in" end time: Jul 06 22:55 UTC
"parse_packet_in" time elapsed: 00:00:00
----------------------------------------------------------

30/63 Testing: purga
30/63 Test: purga
Command: "/home/saas/lsquic/tests/test_purga"
Directory: /home/saas/lsquic/tests
"purga" start time: Jul 06 22:55 UTC
Output:
----------------------------------------------------------
<end of output>
Test time =   1.97 sec
----------------------------------------------------------
Test Passed.
"purga" end time: Jul 06 22:55 UTC
"purga" time elapsed: 00:00:01
----------------------------------------------------------

31/63 Testing: qlog
31/63 Test: qlog
Command: "/home/saas/lsquic/tests/test_qlog"
Directory: /home/saas/lsquic/tests
"qlog" start time: Jul 06 22:55 UTC
Output:
----------------------------------------------------------
22:55:18.904 [DEBUG] [QUIC:] qlog: [1919634069484,"CONNECTIVITY","NEW_CONNECTION","LINE",{"ip_version":"4","srcip":"10.0.0.1","dstip":"10.0.0.2","srcport":"12345","dstport":"443"}]
22:55:18.904 [DEBUG] [QUIC:] qlog: [1919634069551,"CONNECTIVITY","HANDSHAKE","PACKET_RX",{"status":"complete"}]
22:55:18.904 [DEBUG] [QUIC:] qlog: [1919634069556,"RECOVERY","RTT_UPDATE","PACKET_RX",{"zero_rtt":"successful"}]
22:55:18.904 [DEBUG] [QUIC:] qlog: [1919634069560,"CONNECTIVITY","VERNEG","LINE",{"proposed_version":"Q035"}]
22:55:18.904 [DEBUG] [QUIC:] qlog: [1919634069563,"CONNECTIVITY","VERNEG","LINE",{"proposed_version":"Q046"}]
22:55:18.904 [DEBUG] [QUIC:] qlog: [1919634069566,"CONNECTIVITY","VERNEG","PACKET_RX",{"agreed_version":"Q044"}]
22:55:18.904 [DEBUG] [QUIC:] qlog: [1919634069569,"CONNECTIVITY","VERNEG","PACKET_RX",{"agreed_version":"Q098"}]
<end of output>
Test time =   0.00 sec
----------------------------------------------------------
Test Passed.
"qlog" end time: Jul 06 22:55 UTC
"qlog" time elapsed: 00:00:00
----------------------------------------------------------

32/63 Testing: quic_be_floats
32/63 Test: quic_be_floats
Command: "/home/saas/lsquic/tests/test_quic_be_floats"
Directory: /home/saas/lsquic/tests
"quic_be_floats" start time: Jul 06 22:55 UTC
Output:
----------------------------------------------------------
<end of output>
Test time =   0.00 sec
----------------------------------------------------------
Test Passed.
"quic_be_floats" end time: Jul 06 22:55 UTC
"quic_be_floats" time elapsed: 00:00:00
----------------------------------------------------------

33/63 Testing: reg_pkt_headergen
33/63 Test: reg_pkt_headergen
Command: "/home/saas/lsquic/tests/test_reg_pkt_headergen"
Directory: /home/saas/lsquic/tests
"reg_pkt_headergen" start time: Jul 06 22:55 UTC
Output:
----------------------------------------------------------
<end of output>
Test time =   0.00 sec
----------------------------------------------------------
Test Passed.
"reg_pkt_headergen" end time: Jul 06 22:55 UTC
"reg_pkt_headergen" time elapsed: 00:00:00
----------------------------------------------------------

34/63 Testing: rst_stream_gquic_be
34/63 Test: rst_stream_gquic_be
Command: "/home/saas/lsquic/tests/test_rst_stream_gquic_be"
Directory: /home/saas/lsquic/tests
"rst_stream_gquic_be" start time: Jul 06 22:55 UTC
Output:
----------------------------------------------------------
<end of output>
Test time =   0.00 sec
----------------------------------------------------------
Test Passed.
"rst_stream_gquic_be" end time: Jul 06 22:55 UTC
"rst_stream_gquic_be" time elapsed: 00:00:00
----------------------------------------------------------

35/63 Testing: rtt
35/63 Test: rtt
Command: "/home/saas/lsquic/tests/test_rtt"
Directory: /home/saas/lsquic/tests
"rtt" start time: Jul 06 22:55 UTC
Output:
----------------------------------------------------------
<end of output>
Test time =   0.00 sec
----------------------------------------------------------
Test Passed.
"rtt" end time: Jul 06 22:55 UTC
"rtt" time elapsed: 00:00:00
----------------------------------------------------------

36/63 Testing: send_headers
36/63 Test: send_headers
Command: "/home/saas/lsquic/tests/test_send_headers"
Directory: /home/saas/lsquic/tests
"send_headers" start time: Jul 06 22:55 UTC
Output:
----------------------------------------------------------
<end of output>
Test time =   0.00 sec
----------------------------------------------------------
Test Passed.
"send_headers" end time: Jul 06 22:55 UTC
"send_headers" time elapsed: 00:00:00
----------------------------------------------------------

37/63 Testing: senhist
37/63 Test: senhist
Command: "/home/saas/lsquic/tests/test_senhist"
Directory: /home/saas/lsquic/tests
"senhist" start time: Jul 06 22:55 UTC
Output:
----------------------------------------------------------
<end of output>
Test time =   0.00 sec
----------------------------------------------------------
Test Passed.
"senhist" end time: Jul 06 22:55 UTC
"senhist" time elapsed: 00:00:00
----------------------------------------------------------

38/63 Testing: set
38/63 Test: set
Command: "/home/saas/lsquic/tests/test_set"
Directory: /home/saas/lsquic/tests
"set" start time: Jul 06 22:55 UTC
Output:
----------------------------------------------------------
<end of output>
Test time =   0.00 sec
----------------------------------------------------------
Test Passed.
"set" end time: Jul 06 22:55 UTC
"set" time elapsed: 00:00:00
----------------------------------------------------------

39/63 Testing: sfcw
39/63 Test: sfcw
Command: "/home/saas/lsquic/tests/test_sfcw"
Directory: /home/saas/lsquic/tests
"sfcw" start time: Jul 06 22:55 UTC
Output:
----------------------------------------------------------
<end of output>
Test time =   0.00 sec
----------------------------------------------------------
Test Passed.
"sfcw" end time: Jul 06 22:55 UTC
"sfcw" time elapsed: 00:00:00
----------------------------------------------------------

40/63 Testing: shi
40/63 Test: shi
Command: "/home/saas/lsquic/tests/test_shi"
Directory: /home/saas/lsquic/tests
"shi" start time: Jul 06 22:55 UTC
Output:
----------------------------------------------------------
<end of output>
Test time =   6.00 sec
----------------------------------------------------------
Test Passed.
"shi" end time: Jul 06 22:55 UTC
"shi" time elapsed: 00:00:06
----------------------------------------------------------

41/63 Testing: spi
41/63 Test: spi
Command: "/home/saas/lsquic/tests/test_spi"
Directory: /home/saas/lsquic/tests
"spi" start time: Jul 06 22:55 UTC
Output:
----------------------------------------------------------
[DEBUG] [QUIC:] spi: test_same_priority: initialized; # elems: 4; sets: [ 0000000000000001, 0000000000000000, 0000000000000000, 0000000000000000 ]
[DEBUG] [QUIC:] spi: test_same_priority: lsquic_spi_first: return stream 0, priority 0
[DEBUG] [QUIC:] spi: test_same_priority: lsquic_spi_next: return stream 0, priority 0
[DEBUG] [QUIC:] spi: test_same_priority: lsquic_spi_next: return stream 0, priority 0
[DEBUG] [QUIC:] spi: test_same_priority: lsquic_spi_next: return stream 0, priority 0
[DEBUG] [QUIC:] spi: test_same_priority: lsquic_spi_first: return stream 0, priority 0
[DEBUG] [QUIC:] spi: test_same_priority: lsquic_spi_next: return stream 0, priority 0
[DEBUG] [QUIC:] spi: test_same_priority: initialized; # elems: 4; sets: [ 0000000000000000, 0000000800000000, 0000000000000000, 0000000000000000 ]
[DEBUG] [QUIC:] spi: test_same_priority: find_and_set_lowest_priority: prio 0 -> 99
[DEBUG] [QUIC:] spi: test_same_priority: lsquic_spi_first: return stream 0, priority 99
[DEBUG] [QUIC:] spi: test_same_priority: lsquic_spi_next: return stream 0, priority 99
[DEBUG] [QUIC:] spi: test_same_priority: lsquic_spi_next: return stream 0, priority 99
[DEBUG] [QUIC:] spi: test_same_priority: lsquic_spi_next: return stream 0, priority 99
[DEBUG] [QUIC:] spi: test_same_priority: find_and_set_lowest_priority: prio 0 -> 99
[DEBUG] [QUIC:] spi: test_same_priority: lsquic_spi_first: return stream 0, priority 99
[DEBUG] [QUIC:] spi: test_same_priority: lsquic_spi_next: return stream 0, priority 99
[DEBUG] [QUIC:] spi: test_same_priority: initialized; # elems: 4; sets: [ 0000000000000000, 0000000000000000, 0000000000000000, 8000000000000000 ]
[DEBUG] [QUIC:] spi: test_same_priority: find_and_set_lowest_priority: prio 0 -> 255
[DEBUG] [QUIC:] spi: test_same_priority: lsquic_spi_first: return stream 0, priority 255
[DEBUG] [QUIC:] spi: test_same_priority: lsquic_spi_next: return stream 0, priority 255
[DEBUG] [QUIC:] spi: test_same_priority: lsquic_spi_next: return stream 0, priority 255
[DEBUG] [QUIC:] spi: test_same_priority: lsquic_spi_next: return stream 0, priority 255
[DEBUG] [QUIC:] spi: test_same_priority: find_and_set_lowest_priority: prio 0 -> 255
[DEBUG] [QUIC:] spi: test_same_priority: lsquic_spi_first: return stream 0, priority 255
[DEBUG] [QUIC:] spi: test_same_priority: lsquic_spi_next: return stream 0, priority 255
[DEBUG] [QUIC:] spi: test_different_priorities: initialized; # elems: 7; sets: [ 00000000000000FE, 0000000000000000, 0000000000000000, 0000000000000000 ]
[DEBUG] [QUIC:] spi: test_different_priorities: find_and_set_lowest_priority: prio 0 -> 1
[DEBUG] [QUIC:] spi: test_different_priorities: lsquic_spi_first: return stream 0, priority 1
[DEBUG] [QUIC:] spi: test_different_priorities: find_and_set_next_priority: prio 1 -> 2
[DEBUG] [QUIC:] spi: test_different_priorities: lsquic_spi_next: return stream 0, priority 2
[DEBUG] [QUIC:] spi: test_different_priorities: find_and_set_next_priority: prio 2 -> 3
[DEBUG] [QUIC:] spi: test_different_priorities: lsquic_spi_next: return stream 0, priority 3
[DEBUG] [QUIC:] spi: test_different_priorities: find_and_set_next_priority: prio 3 -> 4
[DEBUG] [QUIC:] spi: test_different_priorities: lsquic_spi_next: return stream 0, priority 4
[DEBUG] [QUIC:] spi: test_different_priorities: find_and_set_next_priority: prio 4 -> 5
[DEBUG] [QUIC:] spi: test_different_priorities: lsquic_spi_next: return stream 0, priority 5
[DEBUG] [QUIC:] spi: test_different_priorities: find_and_set_next_priority: prio 5 -> 6
[DEBUG] [QUIC:] spi: test_different_priorities: lsquic_spi_next: return stream 0, priority 6
[DEBUG] [QUIC:] spi: test_different_priorities: find_and_set_next_priority: prio 6 -> 7
[DEBUG] [QUIC:] spi: test_different_priorities: lsquic_spi_next: return stream 0, priority 7
[DEBUG] [QUIC:] spi: test_different_priorities: initialized; # elems: 7; sets: [ 00000000000000FE, 0000000000000000, 0000000000000000, 0000000000000000 ]
[DEBUG] [QUIC:] spi: test_different_priorities: find_and_set_lowest_priority: prio 0 -> 1
[DEBUG] [QUIC:] spi: test_different_priorities: lsquic_spi_first: return stream 0, priority 1
[DEBUG] [QUIC:] spi: test_different_priorities: find_and_set_next_priority: prio 1 -> 2
[DEBUG] [QUIC:] spi: test_different_priorities: lsquic_spi_next: return stream 0, priority 2
[DEBUG] [QUIC:] spi: test_different_priorities: find_and_set_next_priority: prio 2 -> 3
[DEBUG] [QUIC:] spi: test_different_priorities: lsquic_spi_next: return stream 0, priority 3
[DEBUG] [QUIC:] spi: test_different_priorities: find_and_set_next_priority: prio 3 -> 4
[DEBUG] [QUIC:] spi: test_different_priorities: lsquic_spi_next: return stream 0, priority 4
[DEBUG] [QUIC:] spi: test_different_priorities: find_and_set_next_priority: prio 4 -> 5
[DEBUG] [QUIC:] spi: test_different_priorities: lsquic_spi_next: return stream 0, priority 5
[DEBUG] [QUIC:] spi: test_different_priorities: find_and_set_next_priority: prio 5 -> 6
[DEBUG] [QUIC:] spi: test_different_priorities: lsquic_spi_next: return stream 0, priority 6
[DEBUG] [QUIC:] spi: test_different_priorities: find_and_set_next_priority: prio 6 -> 7
[DEBUG] [QUIC:] spi: test_different_priorities: lsquic_spi_next: return stream 0, priority 7
[DEBUG] [QUIC:] spi: test_different_priorities: initialized; # elems: 12; sets: [ 0000000040900087, 0000003000010000, 0000000000000000, 8000000000000000 ]
[DEBUG] [QUIC:] spi: test_different_priorities: lsquic_spi_first: return stream 0, priority 0
[DEBUG] [QUIC:] spi: test_different_priorities: lsquic_spi_next: return stream 0, priority 0
[DEBUG] [QUIC:] spi: test_different_priorities: find_and_set_next_priority: prio 0 -> 1
[DEBUG] [QUIC:] spi: test_different_priorities: lsquic_spi_next: return stream 0, priority 1
[DEBUG] [QUIC:] spi: test_different_priorities: find_and_set_next_priority: prio 1 -> 2
[DEBUG] [QUIC:] spi: test_different_priorities: lsquic_spi_next: return stream 0, priority 2
[DEBUG] [QUIC:] spi: test_different_priorities: find_and_set_next_priority: prio 2 -> 7
[DEBUG] [QUIC:] spi: test_different_priorities: lsquic_spi_next: return stream 0, priority 7
[DEBUG] [QUIC:] spi: test_different_priorities: find_and_set_next_priority: prio 7 -> 20
[DEBUG] [QUIC:] spi: test_different_priorities: lsquic_spi_next: return stream 0, priority 20
[DEBUG] [QUIC:] spi: test_different_priorities: find_and_set_next_priority: prio 20 -> 23
[DEBUG] [QUIC:] spi: test_different_priorities: lsquic_spi_next: return stream 0, priority 23
[DEBUG] [QUIC:] spi: test_different_priorities: find_and_set_next_priority: prio 23 -> 30
[DEBUG] [QUIC:] spi: test_different_priorities: lsquic_spi_next: return stream 0, priority 30
[DEBUG] [QUIC:] spi: test_different_priorities: find_and_set_next_priority: prio 30 -> 80
[DEBUG] [QUIC:] spi: test_different_priorities: lsquic_spi_next: return stream 0, priority 80
[DEBUG] [QUIC:] spi: test_different_priorities: find_and_set_next_priority: prio 80 -> 100
[DEBUG] [QUIC:] spi: test_different_priorities: lsquic_spi_next: return stream 0, priority 100
[DEBUG] [QUIC:] spi: test_different_priorities: find_and_set_next_priority: prio 100 -> 101
[DEBUG] [QUIC:] spi: test_different_priorities: lsquic_spi_next: return stream 0, priority 101
[DEBUG] [QUIC:] spi: test_different_priorities: find_and_set_next_priority: prio 101 -> 255
[DEBUG] [QUIC:] spi: test_different_priorities: lsquic_spi_next: return stream 0, priority 255
[DEBUG] [QUIC:] spi: test_different_priorities: initialized; # elems: 6; sets: [ 0000000000000000, 0000000000000000, 0000000000000000, 0001000000000780 ]
[DEBUG] [QUIC:] spi: test_different_priorities: find_and_set_lowest_priority: prio 0 -> 199
[DEBUG] [QUIC:] spi: test_different_priorities: lsquic_spi_first: return stream 0, priority 199
[DEBUG] [QUIC:] spi: test_different_priorities: find_and_set_next_priority: prio 199 -> 200
[DEBUG] [QUIC:] spi: test_different_priorities: lsquic_spi_next: return stream 0, priority 200
[DEBUG] [QUIC:] spi: test_different_priorities: lsquic_spi_next: return stream 0, priority 200
[DEBUG] [QUIC:] spi: test_different_priorities: find_and_set_next_priority: prio 200 -> 201
[DEBUG] [QUIC:] spi: test_different_priorities: lsquic_spi_next: return stream 0, priority 201
[DEBUG] [QUIC:] spi: test_different_priorities: find_and_set_next_priority: prio 201 -> 202
[DEBUG] [QUIC:] spi: test_different_priorities: lsquic_spi_next: return stream 0, priority 202
[DEBUG] [QUIC:] spi: test_different_priorities: find_and_set_next_priority: prio 202 -> 240
[DEBUG] [QUIC:] spi: test_different_priorities: lsquic_spi_next: return stream 0, priority 240
[DEBUG] [QUIC:] spi: test_different_priorities_filter_odd: initialized; # elems: 4; sets: [ 0000000000000000, 0000000000000000, 0000000000000000, 0001000000000500 ]
[DEBUG] [QUIC:] spi: test_different_priorities_filter_odd: find_and_set_lowest_priority: prio 0 -> 200
[DEBUG] [QUIC:] spi: test_different_priorities_filter_odd: lsquic_spi_first: return stream 0, priority 200
[DEBUG] [QUIC:] spi: test_different_priorities_filter_odd: lsquic_spi_next: return stream 0, priority 200
[DEBUG] [QUIC:] spi: test_different_priorities_filter_odd: find_and_set_next_priority: prio 200 -> 202
[DEBUG] [QUIC:] spi: test_different_priorities_filter_odd: lsquic_spi_next: return stream 0, priority 202
[DEBUG] [QUIC:] spi: test_different_priorities_filter_odd: find_and_set_next_priority: prio 202 -> 240
[DEBUG] [QUIC:] spi: test_different_priorities_filter_odd: lsquic_spi_next: return stream 0, priority 240
[DEBUG] [QUIC:] spi: test_drop: initialized; # elems: 5; sets: [ 0000000000000003, 0000000000000000, 0000000000000000, 0000000000000100 ]
[DEBUG] [QUIC:] spi: test_drop: find_and_set_lowest_priority: prio 0 -> 0
[DEBUG] [QUIC:] spi: test_drop: lsquic_spi_next: return stream 5, priority 0
[DEBUG] [QUIC:] spi: test_drop: initialized; # elems: 5; sets: [ 0000000000000003, 0000000000000000, 0000000000000000, 0000000000000100 ]
[DEBUG] [QUIC:] spi: test_drop: find_and_set_lowest_priority: prio 0 -> 0
[DEBUG] [QUIC:] spi: test_drop: find_and_set_lowest_priority: prio 0 -> 1
[DEBUG] [QUIC:] spi: test_drop: lsquic_spi_first: return stream 7, priority 1
[DEBUG] [QUIC:] spi: test_drop: find_and_set_next_priority: prio 1 -> 200
[DEBUG] [QUIC:] spi: test_drop: lsquic_spi_next: return stream 127, priority 200
[DEBUG] [QUIC:] spi: test_drop: initialized; # elems: 5; sets: [ 0000000000000013, 0000000000000000, 0000000000000000, 0000000000000100 ]
[DEBUG] [QUIC:] spi: test_drop: find_and_set_lowest_priority: prio 0 -> 0
[DEBUG] [QUIC:] spi: test_drop: find_and_set_lowest_priority: prio 1 -> 0
[DEBUG] [QUIC:] spi: test_drop: initialized; # elems: 5; sets: [ 0000000000000013, 0000000000000000, 0000000000000000, 0000000000000100 ]
[DEBUG] [QUIC:] spi: test_drop: find_and_set_lowest_priority: prio 0 -> 0
[DEBUG] [QUIC:] spi: test_drop: find_and_set_lowest_priority: prio 1 -> 0
[DEBUG] [QUIC:] spi: test_drop: find_and_set_lowest_priority: prio 0 -> 1
[DEBUG] [QUIC:] spi: test_drop: lsquic_spi_first: return stream 7, priority 1
[DEBUG] [QUIC:] spi: test_drop: find_and_set_next_priority: prio 1 -> 4
[DEBUG] [QUIC:] spi: test_drop: lsquic_spi_next: return stream 5, priority 4
[DEBUG] [QUIC:] spi: test_drop: find_and_set_next_priority: prio 4 -> 200
[DEBUG] [QUIC:] spi: test_drop: lsquic_spi_next: return stream 127, priority 200
[DEBUG] [QUIC:] spi: test_drop: lsquic_spi_first: return stream 0, priority 0
[DEBUG] [QUIC:] spi: test_drop: lsquic_spi_first: return stream 0, priority 0
<end of output>
Test time =   0.00 sec
----------------------------------------------------------
Test Passed.
"spi" end time: Jul 06 22:55 UTC
"spi" time elapsed: 00:00:00
----------------------------------------------------------

42/63 Testing: stop_waiting_gquic_be
42/63 Test: stop_waiting_gquic_be
Command: "/home/saas/lsquic/tests/test_stop_waiting_gquic_be"
Directory: /home/saas/lsquic/tests
"stop_waiting_gquic_be" start time: Jul 06 22:55 UTC
Output:
----------------------------------------------------------
<end of output>
Test time =   0.00 sec
----------------------------------------------------------
Test Passed.
"stop_waiting_gquic_be" end time: Jul 06 22:55 UTC
"stop_waiting_gquic_be" time elapsed: 00:00:00
----------------------------------------------------------

43/63 Testing: streamgen
43/63 Test: streamgen
Command: "/home/saas/lsquic/tests/test_streamgen"
Directory: /home/saas/lsquic/tests
"streamgen" start time: Jul 06 22:55 UTC
Output:
----------------------------------------------------------
<end of output>
Test time =   0.00 sec
----------------------------------------------------------
Test Passed.
"streamgen" end time: Jul 06 22:55 UTC
"streamgen" time elapsed: 00:00:00
----------------------------------------------------------

44/63 Testing: streamparse
44/63 Test: streamparse
Command: "/home/saas/lsquic/tests/test_streamparse"
Directory: /home/saas/lsquic/tests
"streamparse" start time: Jul 06 22:55 UTC
Output:
----------------------------------------------------------
<end of output>
Test time =   0.00 sec
----------------------------------------------------------
Test Passed.
"streamparse" end time: Jul 06 22:55 UTC
"streamparse" time elapsed: 00:00:00
----------------------------------------------------------

45/63 Testing: tokgen
45/63 Test: tokgen
Command: "/home/saas/lsquic/tests/test_tokgen"
Directory: /home/saas/lsquic/tests
"tokgen" start time: Jul 06 22:55 UTC
Output:
----------------------------------------------------------
0A3C5C1D10C2F5E0D645DD3459C0AF66
<end of output>
Test time =   0.00 sec
----------------------------------------------------------
Test Passed.
"tokgen" end time: Jul 06 22:55 UTC
"tokgen" time elapsed: 00:00:00
----------------------------------------------------------

46/63 Testing: trapa
46/63 Test: trapa
Command: "/home/saas/lsquic/tests/test_trapa"
Directory: /home/saas/lsquic/tests
"trapa" start time: Jul 06 22:55 UTC
Output:
----------------------------------------------------------
<end of output>
Test time =   0.00 sec
----------------------------------------------------------
Test Passed.
"trapa" end time: Jul 06 22:55 UTC
"trapa" time elapsed: 00:00:00
----------------------------------------------------------

47/63 Testing: varint
47/63 Test: varint
Command: "/home/saas/lsquic/tests/test_varint"
Directory: /home/saas/lsquic/tests
"varint" start time: Jul 06 22:55 UTC
Output:
----------------------------------------------------------
<end of output>
Test time =   0.00 sec
----------------------------------------------------------
Test Passed.
"varint" end time: Jul 06 22:55 UTC
"varint" time elapsed: 00:00:00
----------------------------------------------------------

48/63 Testing: ver_nego
48/63 Test: ver_nego
Command: "/home/saas/lsquic/tests/test_ver_nego"
Directory: /home/saas/lsquic/tests
"ver_nego" start time: Jul 06 22:55 UTC
Output:
----------------------------------------------------------
<end of output>
Test time =   0.00 sec
----------------------------------------------------------
Test Passed.
"ver_nego" end time: Jul 06 22:55 UTC
"ver_nego" time elapsed: 00:00:00
----------------------------------------------------------

49/63 Testing: wuf_gquic_be
49/63 Test: wuf_gquic_be
Command: "/home/saas/lsquic/tests/test_wuf_gquic_be"
Directory: /home/saas/lsquic/tests
"wuf_gquic_be" start time: Jul 06 22:55 UTC
Output:
----------------------------------------------------------
<end of output>
Test time =   0.00 sec
----------------------------------------------------------
Test Passed.
"wuf_gquic_be" end time: Jul 06 22:55 UTC
"wuf_gquic_be" time elapsed: 00:00:00
----------------------------------------------------------

50/63 Testing: frame_rw
50/63 Test: frame_rw
Command: "/home/saas/lsquic/tests/test_frame_rw"
Directory: /home/saas/lsquic/tests
"frame_rw" start time: Jul 06 22:55 UTC
Output:
----------------------------------------------------------
<end of output>
Test time =   1.96 sec
----------------------------------------------------------
Test Passed.
"frame_rw" end time: Jul 06 22:55 UTC
"frame_rw" time elapsed: 00:00:01
----------------------------------------------------------

51/63 Testing: ack_merge
51/63 Test: ack_merge
Command: "/home/saas/lsquic/tests/test_ack_merge"
Directory: /home/saas/lsquic/tests
"ack_merge" start time: Jul 06 22:55 UTC
Output:
----------------------------------------------------------
<end of output>
Test time =   0.00 sec
----------------------------------------------------------
Test Passed.
"ack_merge" end time: Jul 06 22:55 UTC
"ack_merge" time elapsed: 00:00:00
----------------------------------------------------------

52/63 Testing: hcsi_reader
52/63 Test: hcsi_reader
Command: "/home/saas/lsquic/tests/test_hcsi_reader"
Directory: /home/saas/lsquic/tests
"hcsi_reader" start time: Jul 06 22:55 UTC
Output:
----------------------------------------------------------
<end of output>
Test time =   0.00 sec
----------------------------------------------------------
Test Passed.
"hcsi_reader" end time: Jul 06 22:55 UTC
"hcsi_reader" time elapsed: 00:00:00
----------------------------------------------------------

53/63 Testing: h3_framing
53/63 Test: h3_framing
Command: "/home/saas/lsquic/tests/test_h3_framing"
Directory: /home/saas/lsquic/tests
"h3_framing" start time: Jul 06 22:55 UTC
Output:
----------------------------------------------------------
<end of output>
Test time = 138.81 sec
----------------------------------------------------------
Test Passed.
"h3_framing" end time: Jul 06 22:57 UTC
"h3_framing" time elapsed: 00:02:18
----------------------------------------------------------

54/63 Testing: stream
54/63 Test: stream
Command: "/home/saas/lsquic/tests/test_stream"
Directory: /home/saas/lsquic/tests
"stream" start time: Jul 06 22:57 UTC
Output:
----------------------------------------------------------
inserting 01234<FIN>
inserting 01234<FIN>
inserting 0123<FIN>4
inserting 0123<FIN>4
inserting 01243<FIN>
inserting 01243<FIN>
inserting 0124<FIN>3
inserting 0124<FIN>3
inserting 012<FIN>34
inserting 012<FIN>34
inserting 012<FIN>43
inserting 012<FIN>43
inserting 01324<FIN>
inserting 01324<FIN>
inserting 0132<FIN>4
inserting 0132<FIN>4
inserting 01342<FIN>
inserting 01342<FIN>
inserting 0134<FIN>2
inserting 0134<FIN>2
inserting 013<FIN>24
inserting 013<FIN>24
inserting 013<FIN>42
inserting 013<FIN>42
inserting 01423<FIN>
inserting 01423<FIN>
inserting 0142<FIN>3
inserting 0142<FIN>3
inserting 01432<FIN>
inserting 01432<FIN>
inserting 0143<FIN>2
inserting 0143<FIN>2
inserting 014<FIN>23
inserting 014<FIN>23
inserting 014<FIN>32
inserting 014<FIN>32
inserting 01<FIN>234
inserting 01<FIN>234
inserting 01<FIN>243
inserting 01<FIN>243
inserting 01<FIN>324
inserting 01<FIN>324
inserting 01<FIN>342
inserting 01<FIN>342
inserting 01<FIN>423
inserting 01<FIN>423
inserting 01<FIN>432
inserting 01<FIN>432
inserting 02134<FIN>
inserting 02134<FIN>
inserting 0213<FIN>4
inserting 0213<FIN>4
inserting 02143<FIN>
inserting 02143<FIN>
inserting 0214<FIN>3
inserting 0214<FIN>3
inserting 021<FIN>34
inserting 021<FIN>34
inserting 021<FIN>43
inserting 021<FIN>43
inserting 02314<FIN>
inserting 02314<FIN>
inserting 0231<FIN>4
inserting 0231<FIN>4
inserting 02341<FIN>
inserting 02341<FIN>
inserting 0234<FIN>1
inserting 0234<FIN>1
inserting 023<FIN>14
inserting 023<FIN>14
inserting 023<FIN>41
inserting 023<FIN>41
inserting 02413<FIN>
inserting 02413<FIN>
inserting 0241<FIN>3
inserting 0241<FIN>3
inserting 02431<FIN>
inserting 02431<FIN>
inserting 0243<FIN>1
inserting 0243<FIN>1
inserting 024<FIN>13
inserting 024<FIN>13
inserting 024<FIN>31
inserting 024<FIN>31
inserting 02<FIN>134
inserting 02<FIN>134
inserting 02<FIN>143
inserting 02<FIN>143
inserting 02<FIN>314
inserting 02<FIN>314
inserting 02<FIN>341
inserting 02<FIN>341
inserting 02<FIN>413
inserting 02<FIN>413
inserting 02<FIN>431
inserting 02<FIN>431
inserting 03124<FIN>
inserting 03124<FIN>
inserting 0312<FIN>4
inserting 0312<FIN>4
inserting 03142<FIN>
inserting 03142<FIN>
inserting 0314<FIN>2
inserting 0314<FIN>2
inserting 031<FIN>24
inserting 031<FIN>24
inserting 031<FIN>42
inserting 031<FIN>42
inserting 03214<FIN>
inserting 03214<FIN>
inserting 0321<FIN>4
inserting 0321<FIN>4
[...]
inserting 2410<FIN>3
inserting 24130<FIN>
inserting 24130<FIN>
inserting 2413<FIN>0
inserting 2413<FIN>0
inserting 241<FIN>03
inserting 241<FIN>03
inserting 241<FIN>30
inserting 241<FIN>30
inserting 24301<FIN>
inserting 24301<FIN>
inserting 2430<FIN>1
inserting 2430<FIN>1
inserting 24310<FIN>
inserting 24310<FIN>
inserting 2431<FIN>0
inserting 2431<FIN>0
inserting 243<FIN>01
inserting 243<FIN>01
inserting 243<FIN>10
inserting 243<FIN>10
inserting 24<FIN>013
inserting 24<FIN>013
inserting 24<FIN>031
inserting 24<FIN>031
inserting 24<FIN>103
inserting 24<FIN>103
inserting 24<FIN>130
inserting 24<FIN>130
inserting 24<FIN>301
inserting 24<FIN>301
inserting 24<FIN>310
inserting 24<FIN>310
inserting 2<FIN>0134
inserting 2<FIN>0134
inserting 2<FIN>0143
inserting 2<FIN>0143
inserting 2<FIN>0314
inserting 2<FIN>0314
inserting 2<FIN>0341
inserting 2<FIN>0341
inserting 2<FIN>0413
inserting 2<FIN>0413
inserting 2<FIN>0431
inserting 2<FIN>0431
inserting 2<FIN>1034
inserting 2<FIN>1034
inserting 2<FIN>1043
inserting 2<FIN>1043
inserting 2<FIN>1304
inserting 2<FIN>1304
inserting 2<FIN>1340
inserting 2<FIN>1340
inserting 2<FIN>1403
inserting 2<FIN>1403
inserting 2<FIN>1430
inserting 2<FIN>1430
inserting 2<FIN>3014
inserting 2<FIN>3014
inserting 2<FIN>3041
inserting 2<FIN>3041
inserting 2<FIN>3104
inserting 2<FIN>3104
inserting 2<FIN>3140
inserting 2<FIN>3140
inserting 2<FIN>3401
inserting 2<FIN>3401
inserting 2<FIN>3410
inserting 2<FIN>3410
inserting 2<FIN>4013
inserting 2<FIN>4013
inserting 2<FIN>4031
inserting 2<FIN>4031
inserting 2<FIN>4103
inserting 2<FIN>4103
inserting 2<FIN>4130
inserting 2<FIN>4130
inserting 2<FIN>4301
inserting 2<FIN>4301
inserting 2<FIN>4310
inserting 2<FIN>4310
inserting 30124<FIN>
inserting 30124<FIN>
inserting 3012<FIN>4
inserting 3012<FIN>4
inserting 30142<FIN>
inserting 30142<FIN>
inserting 3014<FIN>2
inserting 3014<FIN>2
inserting 301<FIN>24
inserting 301<FIN>24
inserting 301<FIN>42
inserting 301<FIN>42
inserting 30214<FIN>
inserting 30214<FIN>
inserting 3021<FIN>4
inserting 3021<FIN>4
inserting 30241<FIN>
inserting 30241<FIN>
inserting 3024<FIN>1
inserting 3024<FIN>1
inserting 302<FIN>14
inserting 302<FIN>14
inserting 302<FIN>41
inserting 302<FIN>41
inserting 30412<FIN>
inserting 30412<FIN>
inserting 3041<FIN>2
inserting 3041<FIN>2
inserting 30421<FIN>
inserting 30421<FIN>
inserting 3042<FIN>1
inserting 3042<FIN>1
inserting 304<FIN>12
inserting 304<FIN>12
inserting 304<FIN>21
inserting 304<FIN>21
inserting 30<FIN>124
inserting 30<FIN>124
inserting 30<FIN>142
inserting 30<FIN>142
inserting 30<FIN>214
inserting 30<FIN>214
inserting 30<FIN>241
inserting 30<FIN>241
inserting 30<FIN>412
inserting 30<FIN>412
inserting 30<FIN>421
inserting 30<FIN>421
inserting 31024<FIN>
inserting 31024<FIN>
inserting 3102<FIN>4
inserting 3102<FIN>4
inserting 31042<FIN>
inserting 31042<FIN>
inserting 3104<FIN>2
inserting 3104<FIN>2
inserting 310<FIN>24
inserting 310<FIN>24
inserting 310<FIN>42
inserting 310<FIN>42
inserting 31204<FIN>
inserting 31204<FIN>
inserting 3120<FIN>4
inserting 3120<FIN>4
inserting 31240<FIN>
inserting 31240<FIN>
inserting 3124<FIN>0
inserting 3124<FIN>0
inserting 312<FIN>04
inserting 312<FIN>04
inserting 312<FIN>40
inserting 312<FIN>40
inserting 31402<FIN>
inserting 31402<FIN>
inserting 3140<FIN>2
inserting 3140<FIN>2
inserting 31420<FIN>
inserting 31420<FIN>
inserting 3142<FIN>0
inserting 3142<FIN>0
inserting 314<FIN>02
inserting 314<FIN>02
inserting 314<FIN>20
inserting 314<FIN>20
inserting 31<FIN>024
inserting 31<FIN>024
inserting 31<FIN>042
inserting 31<FIN>042
inserting 31<FIN>204
inserting 31<FIN>204
inserting 31<FIN>240
inserting 31<FIN>240
inserting 31<FIN>402
inserting 31<FIN>402
inserting 31<FIN>420
inserting 31<FIN>420
inserting 32014<FIN>
inserting 32014<FIN>
inserting 3201<FIN>4
inserting 3201<FIN>4
inserting 32041<FIN>
inserting 32041<FIN>
inserting 3204<FIN>1
inserting 3204<FIN>1
inserting 320<FIN>14
inserting 320<FIN>14
inserting 320<FIN>41
inserting 320<FIN>41
inserting 32104<FIN>
inserting 32104<FIN>
inserting 3210<FIN>4
inserting 3210<FIN>4
inserting 32140<FIN>
inserting 32140<FIN>
inserting 3214<FIN>0
inserting 3214<FIN>0
inserting 321<FIN>04
inserting 321<FIN>04
inserting 321<FIN>40
inserting 321<FIN>40
inserting 32401<FIN>
inserting 32401<FIN>
inserting 3240<FIN>1
inserting 3240<FIN>1
inserting 32410<FIN>
inserting 32410<FIN>
inserting 3241<FIN>0
inserting 3241<FIN>0
inserting 324<FIN>01
inserting 324<FIN>01
inserting 324<FIN>10
inserting 324<FIN>10
inserting 32<FIN>014
inserting 32<FIN>014
inserting 32<FIN>041
inserting 32<FIN>041
inserting 32<FIN>104
inserting 32<FIN>104
inserting 32<FIN>140
inserting 32<FIN>140
inserting 32<FIN>401
inserting 32<FIN>401
inserting 32<FIN>410
inserting 32<FIN>410
inserting 34012<FIN>
inserting 34012<FIN>
inserting 3401<FIN>2
inserting 3401<FIN>2
inserting 34021<FIN>
inserting 34021<FIN>
inserting 3402<FIN>1
inserting 3402<FIN>1
inserting 340<FIN>12
inserting 340<FIN>12
inserting 340<FIN>21
inserting 340<FIN>21
inserting 34102<FIN>
inserting 34102<FIN>
inserting 3410<FIN>2
inserting 3410<FIN>2
inserting 34120<FIN>
inserting 34120<FIN>
inserting 3412<FIN>0
inserting 3412<FIN>0
inserting 341<FIN>02
inserting 341<FIN>02
inserting 341<FIN>20
inserting 341<FIN>20
inserting 34201<FIN>
inserting 34201<FIN>
inserting 3420<FIN>1
inserting 3420<FIN>1
inserting 34210<FIN>
inserting 34210<FIN>
inserting 3421<FIN>0
inserting 3421<FIN>0
inserting 342<FIN>01
inserting 342<FIN>01
inserting 342<FIN>10
inserting 342<FIN>10
inserting 34<FIN>012
inserting 34<FIN>012
inserting 34<FIN>021
inserting 34<FIN>021
inserting 34<FIN>102
inserting 34<FIN>102
inserting 34<FIN>120
inserting 34<FIN>120
inserting 34<FIN>201
inserting 34<FIN>201
inserting 34<FIN>210
inserting 34<FIN>210
inserting 3<FIN>0124
inserting 3<FIN>0124
inserting 3<FIN>0142
inserting 3<FIN>0142
inserting 3<FIN>0214
inserting 3<FIN>0214
inserting 3<FIN>0241
inserting 3<FIN>0241
inserting 3<FIN>0412
inserting 3<FIN>0412
inserting 3<FIN>0421
inserting 3<FIN>0421
inserting 3<FIN>1024
inserting 3<FIN>1024
inserting 3<FIN>1042
inserting 3<FIN>1042
inserting 3<FIN>1204
inserting 3<FIN>1204
inserting 3<FIN>1240
inserting 3<FIN>1240
inserting 3<FIN>1402
inserting 3<FIN>1402
inserting 3<FIN>1420
inserting 3<FIN>1420
inserting 3<FIN>2014
inserting 3<FIN>2014
inserting 3<FIN>2041
inserting 3<FIN>2041
inserting 3<FIN>2104
inserting 3<FIN>2104
inserting 3<FIN>2140
inserting 3<FIN>2140
inserting 3<FIN>2401
inserting 3<FIN>2401
inserting 3<FIN>2410
inserting 3<FIN>2410
inserting 3<FIN>4012
inserting 3<FIN>4012
inserting 3<FIN>4021
inserting 3<FIN>4021
inserting 3<FIN>4102
inserting 3<FIN>4102
inserting 3<FIN>4120
inserting 3<FIN>4120
inserting 3<FIN>4201
inserting 3<FIN>4201
inserting 3<FIN>4210
inserting 3<FIN>4210
inserting 40123<FIN>
inserting 40123<FIN>
inserting 4012<FIN>3
inserting 4012<FIN>3
inserting 40132<FIN>
inserting 40132<FIN>
inserting 4013<FIN>2
inserting 4013<FIN>2
inserting 401<FIN>23
inserting 401<FIN>23
inserting 401<FIN>32
inserting 401<FIN>32
inserting 40213<FIN>
inserting 40213<FIN>
inserting 4021<FIN>3
inserting 4021<FIN>3
inserting 40231<FIN>
inserting 40231<FIN>
inserting 4023<FIN>1
inserting 4023<FIN>1
inserting 402<FIN>13
inserting 402<FIN>13
inserting 402<FIN>31
inserting 402<FIN>31
inserting 40312<FIN>
inserting 40312<FIN>
inserting 4031<FIN>2
inserting 4031<FIN>2
inserting 40321<FIN>
inserting 40321<FIN>
inserting 4032<FIN>1
inserting 4032<FIN>1
inserting 403<FIN>12
inserting 403<FIN>12
inserting 403<FIN>21
inserting 403<FIN>21
inserting 40<FIN>123
inserting 40<FIN>123
inserting 40<FIN>132
inserting 40<FIN>132
inserting 40<FIN>213
inserting 40<FIN>213
inserting 40<FIN>231
inserting 40<FIN>231
inserting 40<FIN>312
inserting 40<FIN>312
inserting 40<FIN>321
inserting 40<FIN>321
inserting 41023<FIN>
inserting 41023<FIN>
inserting 4102<FIN>3
inserting 4102<FIN>3
inserting 41032<FIN>
inserting 41032<FIN>
inserting 4103<FIN>2
inserting 4103<FIN>2
inserting 410<FIN>23
inserting 410<FIN>23
inserting 410<FIN>32
inserting 410<FIN>32
inserting 41203<FIN>
inserting 41203<FIN>
inserting 4120<FIN>3
inserting 4120<FIN>3
inserting 41230<FIN>
inserting 41230<FIN>
inserting 4123<FIN>0
inserting 4123<FIN>0
inserting 412<FIN>03
inserting 412<FIN>03
inserting 412<FIN>30
inserting 412<FIN>30
inserting 41302<FIN>
inserting 41302<FIN>
inserting 4130<FIN>2
inserting 4130<FIN>2
inserting 41320<FIN>
inserting 41320<FIN>
inserting 4132<FIN>0
inserting 4132<FIN>0
inserting 413<FIN>02
inserting 413<FIN>02
inserting 413<FIN>20
inserting 413<FIN>20
inserting 41<FIN>023
inserting 41<FIN>023
inserting 41<FIN>032
inserting 41<FIN>032
inserting 41<FIN>203
inserting 41<FIN>203
inserting 41<FIN>230
inserting 41<FIN>230
inserting 41<FIN>302
inserting 41<FIN>302
inserting 41<FIN>320
inserting 41<FIN>320
inserting 42013<FIN>
inserting 42013<FIN>
inserting 4201<FIN>3
inserting 4201<FIN>3
inserting 42031<FIN>
inserting 42031<FIN>
inserting 4203<FIN>1
inserting 4203<FIN>1
inserting 420<FIN>13
inserting 420<FIN>13
inserting 420<FIN>31
inserting 420<FIN>31
inserting 42103<FIN>
inserting 42103<FIN>
inserting 4210<FIN>3
inserting 4210<FIN>3
inserting 42130<FIN>
inserting 42130<FIN>
inserting 4213<FIN>0
inserting 4213<FIN>0
inserting 421<FIN>03
inserting 421<FIN>03
inserting 421<FIN>30
inserting 421<FIN>30
inserting 42301<FIN>
inserting 42301<FIN>
inserting 4230<FIN>1
inserting 4230<FIN>1
inserting 42310<FIN>
inserting 42310<FIN>
inserting 4231<FIN>0
inserting 4231<FIN>0
inserting 423<FIN>01
inserting 423<FIN>01
inserting 423<FIN>10
inserting 423<FIN>10
inserting 42<FIN>013
inserting 42<FIN>013
inserting 42<FIN>031
inserting 42<FIN>031
inserting 42<FIN>103
inserting 42<FIN>103
inserting 42<FIN>130
inserting 42<FIN>130
inserting 42<FIN>301
inserting 42<FIN>301
inserting 42<FIN>310
inserting 42<FIN>310
inserting 43012<FIN>
inserting 43012<FIN>
inserting 4301<FIN>2
inserting 4301<FIN>2
inserting 43021<FIN>
inserting 43021<FIN>
inserting 4302<FIN>1
inserting 4302<FIN>1
inserting 430<FIN>12
inserting 430<FIN>12
inserting 430<FIN>21
inserting 430<FIN>21
inserting 43102<FIN>
inserting 43102<FIN>
inserting 4310<FIN>2
inserting 4310<FIN>2
inserting 43120<FIN>
inserting 43120<FIN>
inserting 4312<FIN>0
inserting 4312<FIN>0
inserting 431<FIN>02
inserting 431<FIN>02
inserting 431<FIN>20
inserting 431<FIN>20
inserting 43201<FIN>
inserting 43201<FIN>
inserting 4320<FIN>1
inserting 4320<FIN>1
inserting 43210<FIN>
inserting 43210<FIN>
inserting 4321<FIN>0
inserting 4321<FIN>0
inserting 432<FIN>01
inserting 432<FIN>01
inserting 432<FIN>10
inserting 432<FIN>10
inserting 43<FIN>012
inserting 43<FIN>012
inserting 43<FIN>021
inserting 43<FIN>021
inserting 43<FIN>102
inserting 43<FIN>102
inserting 43<FIN>120
inserting 43<FIN>120
inserting 43<FIN>201
inserting 43<FIN>201
inserting 43<FIN>210
inserting 43<FIN>210
inserting 4<FIN>0123
inserting 4<FIN>0123
inserting 4<FIN>0132
inserting 4<FIN>0132
inserting 4<FIN>0213
inserting 4<FIN>0213
inserting 4<FIN>0231
inserting 4<FIN>0231
inserting 4<FIN>0312
inserting 4<FIN>0312
inserting 4<FIN>0321
inserting 4<FIN>0321
inserting 4<FIN>1023
inserting 4<FIN>1023
inserting 4<FIN>1032
inserting 4<FIN>1032
inserting 4<FIN>1203
inserting 4<FIN>1203
inserting 4<FIN>1230
inserting 4<FIN>1230
inserting 4<FIN>1302
inserting 4<FIN>1302
inserting 4<FIN>1320
inserting 4<FIN>1320
inserting 4<FIN>2013
inserting 4<FIN>2013
inserting 4<FIN>2031
inserting 4<FIN>2031
inserting 4<FIN>2103
inserting 4<FIN>2103
inserting 4<FIN>2130
inserting 4<FIN>2130
inserting 4<FIN>2301
inserting 4<FIN>2301
inserting 4<FIN>2310
inserting 4<FIN>2310
inserting 4<FIN>3012
inserting 4<FIN>3012
inserting 4<FIN>3021
inserting 4<FIN>3021
inserting 4<FIN>3102
inserting 4<FIN>3102
inserting 4<FIN>3120
inserting 4<FIN>3120
inserting 4<FIN>3201
inserting 4<FIN>3201
inserting 4<FIN>3210
inserting 4<FIN>3210
inserting <FIN>01234
inserting <FIN>01234
inserting <FIN>01243
inserting <FIN>01243
inserting <FIN>01324
inserting <FIN>01324
inserting <FIN>01342
inserting <FIN>01342
inserting <FIN>01423
inserting <FIN>01423
inserting <FIN>01432
inserting <FIN>01432
inserting <FIN>02134
inserting <FIN>02134
inserting <FIN>02143
inserting <FIN>02143
inserting <FIN>02314
inserting <FIN>02314
inserting <FIN>02341
inserting <FIN>02341
inserting <FIN>02413
inserting <FIN>02413
inserting <FIN>02431
inserting <FIN>02431
inserting <FIN>03124
inserting <FIN>03124
inserting <FIN>03142
inserting <FIN>03142
inserting <FIN>03214
inserting <FIN>03214
inserting <FIN>03241
inserting <FIN>03241
inserting <FIN>03412
inserting <FIN>03412
inserting <FIN>03421
inserting <FIN>03421
inserting <FIN>04123
inserting <FIN>04123
inserting <FIN>04132
inserting <FIN>04132
inserting <FIN>04213
inserting <FIN>04213
inserting <FIN>04231
inserting <FIN>04231
inserting <FIN>04312
inserting <FIN>04312
inserting <FIN>04321
inserting <FIN>04321
inserting <FIN>10234
inserting <FIN>10234
inserting <FIN>10243
inserting <FIN>10243
inserting <FIN>10324
inserting <FIN>10324
inserting <FIN>10342
inserting <FIN>10342
inserting <FIN>10423
inserting <FIN>10423
inserting <FIN>10432
inserting <FIN>10432
inserting <FIN>12034
inserting <FIN>12034
inserting <FIN>12043
inserting <FIN>12043
inserting <FIN>12304
inserting <FIN>12304
inserting <FIN>12340
inserting <FIN>12340
inserting <FIN>12403
inserting <FIN>12403
inserting <FIN>12430
inserting <FIN>12430
inserting <FIN>13024
inserting <FIN>13024
inserting <FIN>13042
inserting <FIN>13042
inserting <FIN>13204
inserting <FIN>13204
inserting <FIN>13240
inserting <FIN>13240
inserting <FIN>13402
inserting <FIN>13402
inserting <FIN>13420
inserting <FIN>13420
inserting <FIN>14023
inserting <FIN>14023
inserting <FIN>14032
inserting <FIN>14032
inserting <FIN>14203
inserting <FIN>14203
inserting <FIN>14230
inserting <FIN>14230
inserting <FIN>14302
inserting <FIN>14302
inserting <FIN>14320
inserting <FIN>14320
inserting <FIN>20134
inserting <FIN>20134
inserting <FIN>20143
inserting <FIN>20143
inserting <FIN>20314
inserting <FIN>20314
inserting <FIN>20341
inserting <FIN>20341
inserting <FIN>20413
inserting <FIN>20413
inserting <FIN>20431
inserting <FIN>20431
inserting <FIN>21034
inserting <FIN>21034
inserting <FIN>21043
inserting <FIN>21043
inserting <FIN>21304
inserting <FIN>21304
inserting <FIN>21340
inserting <FIN>21340
inserting <FIN>21403
inserting <FIN>21403
inserting <FIN>21430
inserting <FIN>21430
inserting <FIN>23014
inserting <FIN>23014
inserting <FIN>23041
inserting <FIN>23041
inserting <FIN>23104
inserting <FIN>23104
inserting <FIN>23140
inserting <FIN>23140
inserting <FIN>23401
inserting <FIN>23401
inserting <FIN>23410
inserting <FIN>23410
inserting <FIN>24013
inserting <FIN>24013
inserting <FIN>24031
inserting <FIN>24031
inserting <FIN>24103
inserting <FIN>24103
inserting <FIN>24130
inserting <FIN>24130
inserting <FIN>24301
inserting <FIN>24301
inserting <FIN>24310
inserting <FIN>24310
inserting <FIN>30124
inserting <FIN>30124
inserting <FIN>30142
inserting <FIN>30142
inserting <FIN>30214
inserting <FIN>30214
inserting <FIN>30241
inserting <FIN>30241
inserting <FIN>30412
inserting <FIN>30412
inserting <FIN>30421
inserting <FIN>30421
inserting <FIN>31024
inserting <FIN>31024
inserting <FIN>31042
inserting <FIN>31042
inserting <FIN>31204
inserting <FIN>31204
inserting <FIN>31240
inserting <FIN>31240
inserting <FIN>31402
inserting <FIN>31402
inserting <FIN>31420
inserting <FIN>31420
inserting <FIN>32014
inserting <FIN>32014
inserting <FIN>32041
inserting <FIN>32041
inserting <FIN>32104
inserting <FIN>32104
inserting <FIN>32140
inserting <FIN>32140
inserting <FIN>32401
inserting <FIN>32401
inserting <FIN>32410
inserting <FIN>32410
inserting <FIN>34012
inserting <FIN>34012
inserting <FIN>34021
inserting <FIN>34021
inserting <FIN>34102
inserting <FIN>34102
inserting <FIN>34120
inserting <FIN>34120
inserting <FIN>34201
inserting <FIN>34201
inserting <FIN>34210
inserting <FIN>34210
inserting <FIN>40123
inserting <FIN>40123
inserting <FIN>40132
inserting <FIN>40132
inserting <FIN>40213
inserting <FIN>40213
inserting <FIN>40231
inserting <FIN>40231
inserting <FIN>40312
inserting <FIN>40312
inserting <FIN>40321
inserting <FIN>40321
inserting <FIN>41023
inserting <FIN>41023
inserting <FIN>41032
inserting <FIN>41032
inserting <FIN>41203
inserting <FIN>41203
inserting <FIN>41230
inserting <FIN>41230
inserting <FIN>41302
inserting <FIN>41302
inserting <FIN>41320
inserting <FIN>41320
inserting <FIN>42013
inserting <FIN>42013
inserting <FIN>42031
inserting <FIN>42031
inserting <FIN>42103
inserting <FIN>42103
inserting <FIN>42130
inserting <FIN>42130
inserting <FIN>42301
inserting <FIN>42301
inserting <FIN>42310
inserting <FIN>42310
inserting <FIN>43012
inserting <FIN>43012
inserting <FIN>43021
inserting <FIN>43021
inserting <FIN>43102
inserting <FIN>43102
inserting <FIN>43120
inserting <FIN>43120
inserting <FIN>43201
inserting <FIN>43201
inserting <FIN>43210
inserting <FIN>43210
<end of output>
Test time =  13.94 sec
----------------------------------------------------------
Test Passed.
"stream_hash_A" end time: Jul 06 22:58 UTC
"stream_hash_A" time elapsed: 00:00:13
----------------------------------------------------------

58/63 Testing: min_heap
58/63 Test: min_heap
Command: "/home/saas/lsquic/tests/test_min_heap"
Directory: /home/saas/lsquic/tests
"min_heap" start time: Jul 06 22:58 UTC
Output:
----------------------------------------------------------
<end of output>
Test time =   0.00 sec
----------------------------------------------------------
Test Passed.
"min_heap" end time: Jul 06 22:58 UTC
"min_heap" time elapsed: 00:00:00
----------------------------------------------------------

59/63 Testing: malo_pooled
59/63 Test: malo_pooled
Command: "/home/saas/lsquic/tests/test_malo_pooled"
Directory: /home/saas/lsquic/tests
"malo_pooled" start time: Jul 06 22:58 UTC
Output:
----------------------------------------------------------
<end of output>
Test time =   0.35 sec
----------------------------------------------------------
Test Passed.
"malo_pooled" end time: Jul 06 22:58 UTC
"malo_pooled" time elapsed: 00:00:00
----------------------------------------------------------

60/63 Testing: malo_nopool
60/63 Test: malo_nopool
Command: "/home/saas/lsquic/tests/test_malo_nopool"
Directory: /home/saas/lsquic/tests
"malo_nopool" start time: Jul 06 22:58 UTC
Output:
----------------------------------------------------------
<end of output>
Test time =   0.08 sec
----------------------------------------------------------
Test Passed.
"malo_nopool" end time: Jul 06 22:58 UTC
"malo_nopool" time elapsed: 00:00:00
----------------------------------------------------------

61/63 Testing: minmax
61/63 Test: minmax
Command: "/home/saas/lsquic/tests/test_minmax"
Directory: /home/saas/lsquic/tests
"minmax" start time: Jul 06 22:58 UTC
Output:
----------------------------------------------------------
<end of output>
Test time =   0.00 sec
----------------------------------------------------------
Test Passed.
"minmax" end time: Jul 06 22:58 UTC
"minmax" time elapsed: 00:00:00
----------------------------------------------------------

62/63 Testing: rechist
62/63 Test: rechist
Command: "/home/saas/lsquic/tests/test_rechist"
Directory: /home/saas/lsquic/tests
"rechist" start time: Jul 06 22:58 UTC
Output:
----------------------------------------------------------
<end of output>
Test time =   7.94 sec
----------------------------------------------------------
Test Passed.
"rechist" end time: Jul 06 22:58 UTC
"rechist" time elapsed: 00:00:07
----------------------------------------------------------

63/63 Testing: trechist
63/63 Test: trechist
Command: "/home/saas/lsquic/tests/test_trechist"
Directory: /home/saas/lsquic/tests
"trechist" start time: Jul 06 22:58 UTC
Output:
----------------------------------------------------------
<end of output>
Test time =   0.00 sec
----------------------------------------------------------
Test Passed.
"trechist" end time: Jul 06 22:58 UTC
"trechist" time elapsed: 00:00:00
----------------------------------------------------------

End testing: Jul 06 22:58 UTC
